2019-11-04 21:36:34,020 [org.springframework.web.context.ContextLoader initWebApplicationContext] INFO Root WebApplicationContext: initialization started
2019-11-04 21:36:34,111 [org.springframework.context.support.AbstractApplicationContext prepareRefresh] INFO Refreshing Root WebApplicationContext: startup date [Mon Nov 04 21:36:34 CST 2019]; root of context hierarchy
2019-11-04 21:36:34,165 [org.springframework.beans.factory.xml.XmlBeanDefinitionReader loadBeanDefinitions] INFO Loading XML bean definitions from class path resource [applicationContext.xml]
2019-11-04 21:36:37,904 [org.springframework.beans.factory.annotation.AutowiredAnnotationBeanPostProcessor <init>] INFO JSR-330 'javax.inject.Inject' annotation found and supported for autowiring
2019-11-04 21:36:38,109 [com.mchange.v2.log.slf4j.Slf4jMLog$Slf4jMLogger$InfoLogger log] INFO MLog clients using slf4j logging.
2019-11-04 21:36:38,156 [com.mchange.v2.log.slf4j.Slf4jMLog$Slf4jMLogger$InfoLogger log] INFO Initializing c3p0-0.9.5.2 [built 08-December-2015 22:06:04 -0800; debug? true; trace: 10]
2019-11-04 21:36:38,864 [org.springframework.web.context.ContextLoader initWebApplicationContext] INFO Root WebApplicationContext: initialization completed in 4830 ms
2019-11-04 21:36:38,904 [org.springframework.web.servlet.FrameworkServlet initServletBean] INFO FrameworkServlet 'dispatcherServlet': initialization started
2019-11-04 21:36:38,908 [org.springframework.context.support.AbstractApplicationContext prepareRefresh] INFO Refreshing WebApplicationContext for namespace 'dispatcherServlet-servlet': startup date [Mon Nov 04 21:36:38 CST 2019]; parent: Root WebApplicationContext
2019-11-04 21:36:38,911 [org.springframework.beans.factory.xml.XmlBeanDefinitionReader loadBeanDefinitions] INFO Loading XML bean definitions from class path resource [springMVC.xml]
2019-11-04 21:36:39,085 [org.springframework.beans.factory.annotation.AutowiredAnnotationBeanPostProcessor <init>] INFO JSR-330 'javax.inject.Inject' annotation found and supported for autowiring
2019-11-04 21:36:39,361 [org.springframework.web.servlet.handler.AbstractUrlHandlerMapping registerHandler] INFO Mapped URL path [/js/**] onto handler 'org.springframework.web.servlet.resource.ResourceHttpRequestHandler#0'
2019-11-04 21:36:39,439 [org.springframework.web.servlet.handler.AbstractHandlerMethodMapping$MappingRegistry register] INFO Mapped "{[/account/findAll]}" onto public java.lang.String com.zrx.controller.AccountController.findAll(org.springframework.ui.Model)
2019-11-04 21:36:39,441 [org.springframework.web.servlet.handler.AbstractHandlerMethodMapping$MappingRegistry register] INFO Mapped "{[/success/test]}" onto public java.lang.String com.zrx.controller.SuccessController.success()
2019-11-04 21:36:39,773 [org.springframework.web.servlet.mvc.method.annotation.RequestMappingHandlerAdapter initControllerAdviceCache] INFO Looking for @ControllerAdvice: WebApplicationContext for namespace 'dispatcherServlet-servlet': startup date [Mon Nov 04 21:36:38 CST 2019]; parent: Root WebApplicationContext
2019-11-04 21:36:39,828 [org.springframework.web.servlet.mvc.method.annotation.RequestMappingHandlerAdapter initControllerAdviceCache] INFO Looking for @ControllerAdvice: WebApplicationContext for namespace 'dispatcherServlet-servlet': startup date [Mon Nov 04 21:36:38 CST 2019]; parent: Root WebApplicationContext
2019-11-04 21:36:39,927 [org.springframework.web.servlet.FrameworkServlet initServletBean] INFO FrameworkServlet 'dispatcherServlet': initialization completed in 1023 ms
2019-11-04 21:37:05,979 [com.mchange.v2.log.slf4j.Slf4jMLog$Slf4jMLogger$InfoLogger log] INFO Initializing c3p0 pool... com.mchange.v2.c3p0.ComboPooledDataSource [ acquireIncrement -> 3, acquireRetryAttempts -> 30, acquireRetryDelay -> 1000, autoCommitOnClose -> false, automaticTestTable -> null, breakAfterAcquireFailure -> false, checkoutTimeout -> 0, connectionCustomizerClassName -> null, connectionTesterClassName -> com.mchange.v2.c3p0.impl.DefaultConnectionTester, contextClassLoaderSource -> caller, dataSourceName -> 1hgfbb5a6f5p88z1k0u7iy|1d30903, debugUnreturnedConnectionStackTraces -> false, description -> null, driverClass -> com.mysql.jdbc.Driver, extensions -> {}, factoryClassLocation -> null, forceIgnoreUnresolvedTransactions -> false, forceSynchronousCheckins -> false, forceUseNamedDriverClass -> false, identityToken -> 1hgfbb5a6f5p88z1k0u7iy|1d30903, idleConnectionTestPeriod -> 0, initialPoolSize -> 3, jdbcUrl -> jdbc:mysql://localhost:3306/ssm01?serverTimezone=Asia/Shanghai&characterEncoding=utf8, maxAdministrativeTaskTime -> 0, maxConnectionAge -> 0, maxIdleTime -> 0, maxIdleTimeExcessConnections -> 0, maxPoolSize -> 15, maxStatements -> 0, maxStatementsPerConnection -> 0, minPoolSize -> 3, numHelperThreads -> 3, preferredTestQuery -> null, privilegeSpawnedThreads -> false, properties -> {user=******, password=******}, propertyCycle -> 0, statementCacheNumDeferredCloseThreads -> 0, testConnectionOnCheckin -> false, testConnectionOnCheckout -> false, unreturnedConnectionTimeout -> 0, userOverrides -> {}, usesTraditionalReflectiveProxies -> false ]
2019-11-04 21:42:03,941 [org.springframework.web.context.ContextLoader initWebApplicationContext] INFO Root WebApplicationContext: initialization started
2019-11-04 21:42:03,996 [org.springframework.context.support.AbstractApplicationContext prepareRefresh] INFO Refreshing Root WebApplicationContext: startup date [Mon Nov 04 21:42:03 CST 2019]; root of context hierarchy
2019-11-04 21:42:04,047 [org.springframework.beans.factory.xml.XmlBeanDefinitionReader loadBeanDefinitions] INFO Loading XML bean definitions from class path resource [applicationContext.xml]
2019-11-04 21:42:07,180 [org.springframework.beans.factory.annotation.AutowiredAnnotationBeanPostProcessor <init>] INFO JSR-330 'javax.inject.Inject' annotation found and supported for autowiring
2019-11-04 21:42:07,376 [com.mchange.v2.log.slf4j.Slf4jMLog$Slf4jMLogger$InfoLogger log] INFO MLog clients using slf4j logging.
2019-11-04 21:42:07,432 [com.mchange.v2.log.slf4j.Slf4jMLog$Slf4jMLogger$InfoLogger log] INFO Initializing c3p0-0.9.5.2 [built 08-December-2015 22:06:04 -0800; debug? true; trace: 10]
2019-11-04 21:42:07,942 [org.springframework.web.context.ContextLoader initWebApplicationContext] INFO Root WebApplicationContext: initialization completed in 3999 ms
2019-11-04 21:42:07,978 [org.springframework.web.servlet.FrameworkServlet initServletBean] INFO FrameworkServlet 'dispatcherServlet': initialization started
2019-11-04 21:42:07,981 [org.springframework.context.support.AbstractApplicationContext prepareRefresh] INFO Refreshing WebApplicationContext for namespace 'dispatcherServlet-servlet': startup date [Mon Nov 04 21:42:07 CST 2019]; parent: Root WebApplicationContext
2019-11-04 21:42:07,984 [org.springframework.beans.factory.xml.XmlBeanDefinitionReader loadBeanDefinitions] INFO Loading XML bean definitions from class path resource [springMVC.xml]
2019-11-04 21:42:08,134 [org.springframework.beans.factory.annotation.AutowiredAnnotationBeanPostProcessor <init>] INFO JSR-330 'javax.inject.Inject' annotation found and supported for autowiring
2019-11-04 21:42:08,393 [org.springframework.web.servlet.handler.AbstractUrlHandlerMapping registerHandler] INFO Mapped URL path [/js/**] onto handler 'org.springframework.web.servlet.resource.ResourceHttpRequestHandler#0'
2019-11-04 21:42:08,469 [org.springframework.web.servlet.handler.AbstractHandlerMethodMapping$MappingRegistry register] INFO Mapped "{[/account/saveAccount]}" onto public java.lang.String com.zrx.controller.AccountController.save(com.zrx.domain.Account,org.springframework.ui.Model)
2019-11-04 21:42:08,470 [org.springframework.web.servlet.handler.AbstractHandlerMethodMapping$MappingRegistry register] INFO Mapped "{[/account/findAll]}" onto public java.lang.String com.zrx.controller.AccountController.findAll(org.springframework.ui.Model)
2019-11-04 21:42:08,472 [org.springframework.web.servlet.handler.AbstractHandlerMethodMapping$MappingRegistry register] INFO Mapped "{[/success/test]}" onto public java.lang.String com.zrx.controller.SuccessController.success()
2019-11-04 21:42:08,874 [org.springframework.web.servlet.mvc.method.annotation.RequestMappingHandlerAdapter initControllerAdviceCache] INFO Looking for @ControllerAdvice: WebApplicationContext for namespace 'dispatcherServlet-servlet': startup date [Mon Nov 04 21:42:07 CST 2019]; parent: Root WebApplicationContext
2019-11-04 21:42:08,934 [org.springframework.web.servlet.mvc.method.annotation.RequestMappingHandlerAdapter initControllerAdviceCache] INFO Looking for @ControllerAdvice: WebApplicationContext for namespace 'dispatcherServlet-servlet': startup date [Mon Nov 04 21:42:07 CST 2019]; parent: Root WebApplicationContext
2019-11-04 21:42:09,047 [org.springframework.web.servlet.FrameworkServlet initServletBean] INFO FrameworkServlet 'dispatcherServlet': initialization completed in 1069 ms
2019-11-04 21:42:28,002 [com.mchange.v2.log.slf4j.Slf4jMLog$Slf4jMLogger$InfoLogger log] INFO Initializing c3p0 pool... com.mchange.v2.c3p0.ComboPooledDataSource [ acquireIncrement -> 3, acquireRetryAttempts -> 30, acquireRetryDelay -> 1000, autoCommitOnClose -> false, automaticTestTable -> null, breakAfterAcquireFailure -> false, checkoutTimeout -> 0, connectionCustomizerClassName -> null, connectionTesterClassName -> com.mchange.v2.c3p0.impl.DefaultConnectionTester, contextClassLoaderSource -> caller, dataSourceName -> 1hgfbb5a6f5wabdojg05d|196cf1a, debugUnreturnedConnectionStackTraces -> false, description -> null, driverClass -> com.mysql.jdbc.Driver, extensions -> {}, factoryClassLocation -> null, forceIgnoreUnresolvedTransactions -> false, forceSynchronousCheckins -> false, forceUseNamedDriverClass -> false, identityToken -> 1hgfbb5a6f5wabdojg05d|196cf1a, idleConnectionTestPeriod -> 0, initialPoolSize -> 3, jdbcUrl -> jdbc:mysql://localhost:3306/ssm01?serverTimezone=Asia/Shanghai&characterEncoding=utf8, maxAdministrativeTaskTime -> 0, maxConnectionAge -> 0, maxIdleTime -> 0, maxIdleTimeExcessConnections -> 0, maxPoolSize -> 15, maxStatements -> 0, maxStatementsPerConnection -> 0, minPoolSize -> 3, numHelperThreads -> 3, preferredTestQuery -> null, privilegeSpawnedThreads -> false, properties -> {user=******, password=******}, propertyCycle -> 0, statementCacheNumDeferredCloseThreads -> 0, testConnectionOnCheckin -> false, testConnectionOnCheckout -> false, unreturnedConnectionTimeout -> 0, userOverrides -> {}, usesTraditionalReflectiveProxies -> false ]
2019-11-04 21:46:09,642 [org.springframework.web.context.ContextLoader initWebApplicationContext] INFO Root WebApplicationContext: initialization started
2019-11-04 21:46:09,701 [org.springframework.context.support.AbstractApplicationContext prepareRefresh] INFO Refreshing Root WebApplicationContext: startup date [Mon Nov 04 21:46:09 CST 2019]; root of context hierarchy
2019-11-04 21:46:09,765 [org.springframework.beans.factory.xml.XmlBeanDefinitionReader loadBeanDefinitions] INFO Loading XML bean definitions from class path resource [applicationContext.xml]
2019-11-04 21:46:14,592 [org.springframework.beans.factory.annotation.AutowiredAnnotationBeanPostProcessor <init>] INFO JSR-330 'javax.inject.Inject' annotation found and supported for autowiring
2019-11-04 21:46:14,806 [com.mchange.v2.log.slf4j.Slf4jMLog$Slf4jMLogger$InfoLogger log] INFO MLog clients using slf4j logging.
2019-11-04 21:46:14,874 [com.mchange.v2.log.slf4j.Slf4jMLog$Slf4jMLogger$InfoLogger log] INFO Initializing c3p0-0.9.5.2 [built 08-December-2015 22:06:04 -0800; debug? true; trace: 10]
2019-11-04 21:46:15,422 [org.springframework.web.context.ContextLoader initWebApplicationContext] INFO Root WebApplicationContext: initialization completed in 5778 ms
2019-11-04 21:46:15,463 [org.springframework.web.servlet.FrameworkServlet initServletBean] INFO FrameworkServlet 'dispatcherServlet': initialization started
2019-11-04 21:46:15,470 [org.springframework.context.support.AbstractApplicationContext prepareRefresh] INFO Refreshing WebApplicationContext for namespace 'dispatcherServlet-servlet': startup date [Mon Nov 04 21:46:15 CST 2019]; parent: Root WebApplicationContext
2019-11-04 21:46:15,475 [org.springframework.beans.factory.xml.XmlBeanDefinitionReader loadBeanDefinitions] INFO Loading XML bean definitions from class path resource [springMVC.xml]
2019-11-04 21:46:15,632 [org.springframework.beans.factory.annotation.AutowiredAnnotationBeanPostProcessor <init>] INFO JSR-330 'javax.inject.Inject' annotation found and supported for autowiring
2019-11-04 21:46:15,942 [org.springframework.web.servlet.handler.AbstractUrlHandlerMapping registerHandler] INFO Mapped URL path [/js/**] onto handler 'org.springframework.web.servlet.resource.ResourceHttpRequestHandler#0'
2019-11-04 21:46:16,019 [org.springframework.web.servlet.handler.AbstractHandlerMethodMapping$MappingRegistry register] INFO Mapped "{[/account/saveAccount]}" onto public void com.zrx.controller.AccountController.save(com.zrx.domain.Account,javax.servlet.http.HttpServletRequest,javax.servlet.http.HttpServletResponse) throws java.lang.Exception
2019-11-04 21:46:16,021 [org.springframework.web.servlet.handler.AbstractHandlerMethodMapping$MappingRegistry register] INFO Mapped "{[/account/findAll]}" onto public java.lang.String com.zrx.controller.AccountController.findAll(org.springframework.ui.Model)
2019-11-04 21:46:16,022 [org.springframework.web.servlet.handler.AbstractHandlerMethodMapping$MappingRegistry register] INFO Mapped "{[/success/test]}" onto public java.lang.String com.zrx.controller.SuccessController.success()
2019-11-04 21:46:16,437 [org.springframework.web.servlet.mvc.method.annotation.RequestMappingHandlerAdapter initControllerAdviceCache] INFO Looking for @ControllerAdvice: WebApplicationContext for namespace 'dispatcherServlet-servlet': startup date [Mon Nov 04 21:46:15 CST 2019]; parent: Root WebApplicationContext
2019-11-04 21:46:16,510 [org.springframework.web.servlet.mvc.method.annotation.RequestMappingHandlerAdapter initControllerAdviceCache] INFO Looking for @ControllerAdvice: WebApplicationContext for namespace 'dispatcherServlet-servlet': startup date [Mon Nov 04 21:46:15 CST 2019]; parent: Root WebApplicationContext
2019-11-04 21:46:16,656 [org.springframework.web.servlet.FrameworkServlet initServletBean] INFO FrameworkServlet 'dispatcherServlet': initialization completed in 1193 ms
2019-11-04 21:46:38,353 [com.mchange.v2.log.slf4j.Slf4jMLog$Slf4jMLogger$InfoLogger log] INFO Initializing c3p0 pool... com.mchange.v2.c3p0.ComboPooledDataSource [ acquireIncrement -> 3, acquireRetryAttempts -> 30, acquireRetryDelay -> 1000, autoCommitOnClose -> false, automaticTestTable -> null, breakAfterAcquireFailure -> false, checkoutTimeout -> 0, connectionCustomizerClassName -> null, connectionTesterClassName -> com.mchange.v2.c3p0.impl.DefaultConnectionTester, contextClassLoaderSource -> caller, dataSourceName -> 1hgfbb5a6f61l8t1sgpvoy|2de2cc, debugUnreturnedConnectionStackTraces -> false, description -> null, driverClass -> com.mysql.jdbc.Driver, extensions -> {}, factoryClassLocation -> null, forceIgnoreUnresolvedTransactions -> false, forceSynchronousCheckins -> false, forceUseNamedDriverClass -> false, identityToken -> 1hgfbb5a6f61l8t1sgpvoy|2de2cc, idleConnectionTestPeriod -> 0, initialPoolSize -> 3, jdbcUrl -> jdbc:mysql://localhost:3306/ssm01?serverTimezone=Asia/Shanghai&characterEncoding=utf8, maxAdministrativeTaskTime -> 0, maxConnectionAge -> 0, maxIdleTime -> 0, maxIdleTimeExcessConnections -> 0, maxPoolSize -> 15, maxStatements -> 0, maxStatementsPerConnection -> 0, minPoolSize -> 3, numHelperThreads -> 3, preferredTestQuery -> null, privilegeSpawnedThreads -> false, properties -> {user=******, password=******}, propertyCycle -> 0, statementCacheNumDeferredCloseThreads -> 0, testConnectionOnCheckin -> false, testConnectionOnCheckout -> false, unreturnedConnectionTimeout -> 0, userOverrides -> {}, usesTraditionalReflectiveProxies -> false ]
