#
# There is insufficient memory for the Java Runtime Environment to continue.
# Native memory allocation (malloc) failed to allocate 589456 bytes for Chunk::new
# Possible reasons:
#   The system is out of physical RAM or swap space
#   The process is running with CompressedOops enabled, and the Java Heap may be blocking the growth of the native heap
# Possible solutions:
#   Reduce memory load on the system
#   Increase physical memory or swap space
#   Check if swap backing store is full
#   Decrease Java heap size (-Xmx/-Xms)
#   Decrease number of Java threads
#   Decrease Java thread stack sizes (-Xss)
#   Set larger code cache with -XX:ReservedCodeCacheSize=
#   JVM is running with Zero Based Compressed Oops mode in which the Java heap is
#     placed in the first 32GB address space. The Java Heap base address is the
#     maximum limit for the native heap growth. Please use -XX:HeapBaseMinAddress
#     to set the Java Heap base and to place the Java Heap above 32GB virtual address.
# This output file may be truncated or incomplete.
#
#  Out of Memory Error (t:/workspace/open/src/hotspot/share/memory/arena.cpp:197), pid=51552, tid=49240
#
# JRE version: Java(TM) SE Runtime Environment (12.0.1+12) (build 12.0.1+12)
# Java VM: Java HotSpot(TM) 64-Bit Server VM (12.0.1+12, mixed mode, sharing, tiered, compressed oops, g1 gc, windows-amd64)
# No core dump will be written. Minidumps are not enabled by default on client versions of Windows
#

---------------  S U M M A R Y ------------

Command Line: -Dmaven.multiModuleProjectDirectory=D:\Documents\GitHub\JavaLearning\DataStructuresAndAlgorithms -DarchetypeCatalog=internal -Dfile.encoding=GB2312 -Dmaven.home=D:\program\apache-maven-3.5.2 -Dclassworlds.conf=D:\program\apache-maven-3.5.2\bin\m2.conf org.codehaus.classworlds.Launcher -Didea.version2019.1.4 -s D:\program\apache-maven-3.5.2\conf\settings.xml install --non-recursive

Host: Intel(R) Core(TM) i5-7300HQ CPU @ 2.50GHz, 4 cores, 31G,  Windows 10 , 64 bit Build 18362 (10.0.18362.329)
Time: Wed Jan  1 10:56:33 2020 ?D1¨²¡À¨º¡Á?¨º¡À?? elapsed time: 11 seconds (0d 0h 0m 11s)

---------------  T H R E A D  ---------------

Current thread (0x000002a8f3f24800):  JavaThread "C2 CompilerThread0" daemon [_thread_in_native, id=49240, stack(0x000000eefd400000,0x000000eefd500000)]


Current CompileTask:
C2:  11066 3139   !   4       org.apache.maven.model.interpolation.StringSearchModelInterpolator$InterpolateObjectAction$MapField::doInterpolate (161 bytes)

Stack: [0x000000eefd400000,0x000000eefd500000]
Native frames: (J=compiled Java code, j=interpreted, Vv=VM code, C=native code)
V  [jvm.dll+0x63948a]
V  [jvm.dll+0x78b31f]
V  [jvm.dll+0x78c9c1]
V  [jvm.dll+0x78d013]
V  [jvm.dll+0x262138]
V  [jvm.dll+0xc582c]
V  [jvm.dll+0xc5dac]
V  [jvm.dll+0x3796a7]
V  [jvm.dll+0x345493]
V  [jvm.dll+0x34485a]
V  [jvm.dll+0x21c035]
V  [jvm.dll+0x21b20a]
V  [jvm.dll+0x199890]
V  [jvm.dll+0x22a534]
V  [jvm.dll+0x228b88]
V  [jvm.dll+0x74f660]
V  [jvm.dll+0x748648]
V  [jvm.dll+0x638566]
C  [ucrtbase.dll+0x20e72]
C  [KERNEL32.DLL+0x17bd4]
C  [ntdll.dll+0x6ced1]


---------------  P R O C E S S  ---------------

Threads class SMR info:
_java_thread_list=0x000002a8f5805810, length=10, elements={
0x000002a8c6e06800, 0x000002a8f3f07000, 0x000002a8f3f08000, 0x000002a8f3f21000,
0x000002a8f3f22000, 0x000002a8f3f24800, 0x000002a8f3f2b000, 0x000002a8f3f5c800,
0x000002a8f4076000, 0x000002a8f407c000
}

Java Threads: ( => current thread )
  0x000002a8c6e06800 JavaThread "main" [_thread_in_native, id=70160, stack(0x000000eefc900000,0x000000eefca00000)]
  0x000002a8f3f07000 JavaThread "Reference Handler" daemon [_thread_blocked, id=76516, stack(0x000000eefd000000,0x000000eefd100000)]
  0x000002a8f3f08000 JavaThread "Finalizer" daemon [_thread_blocked, id=45832, stack(0x000000eefd100000,0x000000eefd200000)]
  0x000002a8f3f21000 JavaThread "Signal Dispatcher" daemon [_thread_blocked, id=80532, stack(0x000000eefd200000,0x000000eefd300000)]
  0x000002a8f3f22000 JavaThread "Attach Listener" daemon [_thread_blocked, id=80132, stack(0x000000eefd300000,0x000000eefd400000)]
=>0x000002a8f3f24800 JavaThread "C2 CompilerThread0" daemon [_thread_in_native, id=49240, stack(0x000000eefd400000,0x000000eefd500000)]
  0x000002a8f3f2b000 JavaThread "C1 CompilerThread0" daemon [_thread_blocked, id=55960, stack(0x000000eefd500000,0x000000eefd600000)]
  0x000002a8f3f5c800 JavaThread "Sweeper thread" daemon [_thread_blocked, id=53584, stack(0x000000eefd600000,0x000000eefd700000)]
  0x000002a8f4076000 JavaThread "Service Thread" daemon [_thread_blocked, id=42496, stack(0x000000eefd700000,0x000000eefd800000)]
  0x000002a8f407c000 JavaThread "Common-Cleaner" daemon [_thread_blocked, id=62436, stack(0x000000eefd900000,0x000000eefda00000)]

Other Threads:
  0x000002a8f3f00800 VMThread "VM Thread" [stack: 0x000000eefcf00000,0x000000eefd000000] [id=48528]
  0x000002a8f407b000 WatcherThread [stack: 0x000000eefd800000,0x000000eefd900000] [id=66060]
  0x000002a8c6e89000 GCTaskThread "GC Thread#0" [stack: 0x000000eefca00000,0x000000eefcb00000] [id=53420]
  0x000002a8f4f12000 GCTaskThread "GC Thread#1" [stack: 0x000000eefdb00000,0x000000eefdc00000] [id=55840]
  0x000002a8f4f74800 GCTaskThread "GC Thread#2" [stack: 0x000000eefdc00000,0x000000eefdd00000] [id=79432]
  0x000002a8f54be800 GCTaskThread "GC Thread#3" [stack: 0x000000eefdd00000,0x000000eefde00000] [id=1648]
  0x000002a8c6ea2800 ConcurrentGCThread "G1 Main Marker" [stack: 0x000000eefcb00000,0x000000eefcc00000] [id=82952]
  0x000002a8c6ea6800 ConcurrentGCThread "G1 Conc#0" [stack: 0x000000eefcc00000,0x000000eefcd00000] [id=41420]
  0x000002a8f357d000 ConcurrentGCThread "G1 Refine#0" [stack: 0x000000eefcd00000,0x000000eefce00000] [id=74808]
  0x000002a8f3580000 ConcurrentGCThread "G1 Young RemSet Sampling" [stack: 0x000000eefce00000,0x000000eefcf00000] [id=70364]

Threads with active compile tasks:
C2 CompilerThread0  3139   !   4       org.apache.maven.model.interpolation.StringSearchModelInterpolator$InterpolateObjectAction$MapField::doInterpolate (161 bytes)

VM state:not at safepoint (normal execution)

VM Mutex/Monitor currently owned by a thread: None

Heap address: 0x0000000602000000, size: 8160 MB, Compressed Oops mode: Zero based, Oop shift amount: 3
Narrow klass base: 0x0000000800000000, Narrow klass shift: 3
Compressed class space size: 1073741824 Address: 0x00000008011a0000

Heap:
 garbage-first heap   total 522240K, used 12343K [0x0000000602000000, 0x0000000800000000)
  region size 2048K, 6 young (12288K), 3 survivors (6144K)
 Metaspace       used 14119K, capacity 15543K, committed 15744K, reserved 1062912K
  class space    used 1631K, capacity 1867K, committed 1920K, reserved 1048576K
Heap Regions: E=young(eden), S=young(survivor), O=old, HS=humongous(starts), HC=humongous(continues), CS=collection set, F=free, A=archive, TAMS=top-at-mark-start (previous, next)
|   0|0x0000000602000000, 0x0000000602200000, 0x0000000602200000|100%| O|  |TAMS 0x0000000602000000, 0x0000000602000000| Untracked 
|   1|0x0000000602200000, 0x000000060236f600, 0x0000000602400000| 71%| O|  |TAMS 0x0000000602200000, 0x0000000602200000| Untracked 
|   2|0x0000000602400000, 0x0000000602400000, 0x0000000602600000|  0%| F|  |TAMS 0x0000000602400000, 0x0000000602400000| Untracked 
|   3|0x0000000602600000, 0x0000000602600000, 0x0000000602800000|  0%| F|  |TAMS 0x0000000602600000, 0x0000000602600000| Untracked 
|   4|0x0000000602800000, 0x0000000602800000, 0x0000000602a00000|  0%| F|  |TAMS 0x0000000602800000, 0x0000000602800000| Untracked 
|   5|0x0000000602a00000, 0x0000000602a00000, 0x0000000602c00000|  0%| F|  |TAMS 0x0000000602a00000, 0x0000000602a00000| Untracked 
|   6|0x0000000602c00000, 0x0000000602c00000, 0x0000000602e00000|  0%| F|  |TAMS 0x0000000602c00000, 0x0000000602c00000| Untracked 
|   7|0x0000000602e00000, 0x0000000602e00000, 0x0000000603000000|  0%| F|  |TAMS 0x0000000602e00000, 0x0000000602e00000| Untracked 
|   8|0x0000000603000000, 0x0000000603000000, 0x0000000603200000|  0%| F|  |TAMS 0x0000000603000000, 0x0000000603000000| Untracked 
|   9|0x0000000603200000, 0x0000000603200000, 0x0000000603400000|  0%| F|  |TAMS 0x0000000603200000, 0x0000000603200000| Untracked 
|  10|0x0000000603400000, 0x0000000603400000, 0x0000000603600000|  0%| F|  |TAMS 0x0000000603400000, 0x0000000603400000| Untracked 
|  11|0x0000000603600000, 0x0000000603600000, 0x0000000603800000|  0%| F|  |TAMS 0x0000000603600000, 0x0000000603600000| Untracked 
|  12|0x0000000603800000, 0x0000000603800000, 0x0000000603a00000|  0%| F|  |TAMS 0x0000000603800000, 0x0000000603800000| Untracked 
|  13|0x0000000603a00000, 0x0000000603a00000, 0x0000000603c00000|  0%| F|  |TAMS 0x0000000603a00000, 0x0000000603a00000| Untracked 
|  14|0x0000000603c00000, 0x0000000603c00000, 0x0000000603e00000|  0%| F|  |TAMS 0x0000000603c00000, 0x0000000603c00000| Untracked 
|  15|0x0000000603e00000, 0x0000000603e00000, 0x0000000604000000|  0%| F|  |TAMS 0x0000000603e00000, 0x0000000603e00000| Untracked 
|  16|0x0000000604000000, 0x0000000604000000, 0x0000000604200000|  0%| F|  |TAMS 0x0000000604000000, 0x0000000604000000| Untracked 
|  17|0x0000000604200000, 0x0000000604200000, 0x0000000604400000|  0%| F|  |TAMS 0x0000000604200000, 0x0000000604200000| Untracked 
|  18|0x0000000604400000, 0x0000000604400000, 0x0000000604600000|  0%| F|  |TAMS 0x0000000604400000, 0x0000000604400000| Untracked 
|  19|0x0000000604600000, 0x0000000604600000, 0x0000000604800000|  0%| F|  |TAMS 0x0000000604600000, 0x0000000604600000| Untracked 
|  20|0x0000000604800000, 0x0000000604800000, 0x0000000604a00000|  0%| F|  |TAMS 0x0000000604800000, 0x0000000604800000| Untracked 
|  21|0x0000000604a00000, 0x0000000604a00000, 0x0000000604c00000|  0%| F|  |TAMS 0x0000000604a00000, 0x0000000604a00000| Untracked 
|  22|0x0000000604c00000, 0x0000000604c00000, 0x0000000604e00000|  0%| F|  |TAMS 0x0000000604c00000, 0x0000000604c00000| Untracked 
|  23|0x0000000604e00000, 0x0000000604e00000, 0x0000000605000000|  0%| F|  |TAMS 0x0000000604e00000, 0x0000000604e00000| Untracked 
|  24|0x0000000605000000, 0x0000000605000000, 0x0000000605200000|  0%| F|  |TAMS 0x0000000605000000, 0x0000000605000000| Untracked 
|  25|0x0000000605200000, 0x0000000605200000, 0x0000000605400000|  0%| F|  |TAMS 0x0000000605200000, 0x0000000605200000| Untracked 
|  26|0x0000000605400000, 0x0000000605400000, 0x0000000605600000|  0%| F|  |TAMS 0x0000000605400000, 0x0000000605400000| Untracked 
|  27|0x0000000605600000, 0x0000000605600000, 0x0000000605800000|  0%| F|  |TAMS 0x0000000605600000, 0x0000000605600000| Untracked 
|  28|0x0000000605800000, 0x0000000605800000, 0x0000000605a00000|  0%| F|  |TAMS 0x0000000605800000, 0x0000000605800000| Untracked 
|  29|0x0000000605a00000, 0x0000000605a00000, 0x0000000605c00000|  0%| F|  |TAMS 0x0000000605a00000, 0x0000000605a00000| Untracked 
|  30|0x0000000605c00000, 0x0000000605c00000, 0x0000000605e00000|  0%| F|  |TAMS 0x0000000605c00000, 0x0000000605c00000| Untracked 
|  31|0x0000000605e00000, 0x0000000605e00000, 0x0000000606000000|  0%| F|  |TAMS 0x0000000605e00000, 0x0000000605e00000| Untracked 
|  32|0x0000000606000000, 0x0000000606000000, 0x0000000606200000|  0%| F|  |TAMS 0x0000000606000000, 0x0000000606000000| Untracked 
|  33|0x0000000606200000, 0x0000000606200000, 0x0000000606400000|  0%| F|  |TAMS 0x0000000606200000, 0x0000000606200000| Untracked 
|  34|0x0000000606400000, 0x0000000606400000, 0x0000000606600000|  0%| F|  |TAMS 0x0000000606400000, 0x0000000606400000| Untracked 
|  35|0x0000000606600000, 0x0000000606600000, 0x0000000606800000|  0%| F|  |TAMS 0x0000000606600000, 0x0000000606600000| Untracked 
|  36|0x0000000606800000, 0x0000000606800000, 0x0000000606a00000|  0%| F|  |TAMS 0x0000000606800000, 0x0000000606800000| Untracked 
|  37|0x0000000606a00000, 0x0000000606a00000, 0x0000000606c00000|  0%| F|  |TAMS 0x0000000606a00000, 0x0000000606a00000| Untracked 
|  38|0x0000000606c00000, 0x0000000606c00000, 0x0000000606e00000|  0%| F|  |TAMS 0x0000000606c00000, 0x0000000606c00000| Untracked 
|  39|0x0000000606e00000, 0x0000000606e00000, 0x0000000607000000|  0%| F|  |TAMS 0x0000000606e00000, 0x0000000606e00000| Untracked 
|  40|0x0000000607000000, 0x0000000607000000, 0x0000000607200000|  0%| F|  |TAMS 0x0000000607000000, 0x0000000607000000| Untracked 
|  41|0x0000000607200000, 0x0000000607200000, 0x0000000607400000|  0%| F|  |TAMS 0x0000000607200000, 0x0000000607200000| Untracked 
|  42|0x0000000607400000, 0x0000000607400000, 0x0000000607600000|  0%| F|  |TAMS 0x0000000607400000, 0x0000000607400000| Untracked 
|  43|0x0000000607600000, 0x0000000607600000, 0x0000000607800000|  0%| F|  |TAMS 0x0000000607600000, 0x0000000607600000| Untracked 
|  44|0x0000000607800000, 0x0000000607800000, 0x0000000607a00000|  0%| F|  |TAMS 0x0000000607800000, 0x0000000607800000| Untracked 
|  45|0x0000000607a00000, 0x0000000607a00000, 0x0000000607c00000|  0%| F|  |TAMS 0x0000000607a00000, 0x0000000607a00000| Untracked 
|  46|0x0000000607c00000, 0x0000000607c00000, 0x0000000607e00000|  0%| F|  |TAMS 0x0000000607c00000, 0x0000000607c00000| Untracked 
|  47|0x0000000607e00000, 0x0000000607e00000, 0x0000000608000000|  0%| F|  |TAMS 0x0000000607e00000, 0x0000000607e00000| Untracked 
|  48|0x0000000608000000, 0x0000000608000000, 0x0000000608200000|  0%| F|  |TAMS 0x0000000608000000, 0x0000000608000000| Untracked 
|  49|0x0000000608200000, 0x0000000608200000, 0x0000000608400000|  0%| F|  |TAMS 0x0000000608200000, 0x0000000608200000| Untracked 
|  50|0x0000000608400000, 0x0000000608400000, 0x0000000608600000|  0%| F|  |TAMS 0x0000000608400000, 0x0000000608400000| Untracked 
|  51|0x0000000608600000, 0x0000000608600000, 0x0000000608800000|  0%| F|  |TAMS 0x0000000608600000, 0x0000000608600000| Untracked 
|  52|0x0000000608800000, 0x0000000608800000, 0x0000000608a00000|  0%| F|  |TAMS 0x0000000608800000, 0x0000000608800000| Untracked 
|  53|0x0000000608a00000, 0x0000000608a00000, 0x0000000608c00000|  0%| F|  |TAMS 0x0000000608a00000, 0x0000000608a00000| Untracked 
|  54|0x0000000608c00000, 0x0000000608c00000, 0x0000000608e00000|  0%| F|  |TAMS 0x0000000608c00000, 0x0000000608c00000| Untracked 
|  55|0x0000000608e00000, 0x0000000608e00000, 0x0000000609000000|  0%| F|  |TAMS 0x0000000608e00000, 0x0000000608e00000| Untracked 
|  56|0x0000000609000000, 0x0000000609000000, 0x0000000609200000|  0%| F|  |TAMS 0x0000000609000000, 0x0000000609000000| Untracked 
|  57|0x0000000609200000, 0x0000000609200000, 0x0000000609400000|  0%| F|  |TAMS 0x0000000609200000, 0x0000000609200000| Untracked 
|  58|0x0000000609400000, 0x0000000609400000, 0x0000000609600000|  0%| F|  |TAMS 0x0000000609400000, 0x0000000609400000| Untracked 
|  59|0x0000000609600000, 0x0000000609600000, 0x0000000609800000|  0%| F|  |TAMS 0x0000000609600000, 0x0000000609600000| Untracked 
|  60|0x0000000609800000, 0x0000000609800000, 0x0000000609a00000|  0%| F|  |TAMS 0x0000000609800000, 0x0000000609800000| Untracked 
|  61|0x0000000609a00000, 0x0000000609a00000, 0x0000000609c00000|  0%| F|  |TAMS 0x0000000609a00000, 0x0000000609a00000| Untracked 
|  62|0x0000000609c00000, 0x0000000609c00000, 0x0000000609e00000|  0%| F|  |TAMS 0x0000000609c00000, 0x0000000609c00000| Untracked 
|  63|0x0000000609e00000, 0x0000000609e00000, 0x000000060a000000|  0%| F|  |TAMS 0x0000000609e00000, 0x0000000609e00000| Untracked 
|  64|0x000000060a000000, 0x000000060a000000, 0x000000060a200000|  0%| F|  |TAMS 0x000000060a000000, 0x000000060a000000| Untracked 
|  65|0x000000060a200000, 0x000000060a200000, 0x000000060a400000|  0%| F|  |TAMS 0x000000060a200000, 0x000000060a200000| Untracked 
|  66|0x000000060a400000, 0x000000060a400000, 0x000000060a600000|  0%| F|  |TAMS 0x000000060a400000, 0x000000060a400000| Untracked 
|  67|0x000000060a600000, 0x000000060a600000, 0x000000060a800000|  0%| F|  |TAMS 0x000000060a600000, 0x000000060a600000| Untracked 
|  68|0x000000060a800000, 0x000000060a800000, 0x000000060aa00000|  0%| F|  |TAMS 0x000000060a800000, 0x000000060a800000| Untracked 
|  69|0x000000060aa00000, 0x000000060aa00000, 0x000000060ac00000|  0%| F|  |TAMS 0x000000060aa00000, 0x000000060aa00000| Untracked 
|  70|0x000000060ac00000, 0x000000060ac00000, 0x000000060ae00000|  0%| F|  |TAMS 0x000000060ac00000, 0x000000060ac00000| Untracked 
|  71|0x000000060ae00000, 0x000000060ae00000, 0x000000060b000000|  0%| F|  |TAMS 0x000000060ae00000, 0x000000060ae00000| Untracked 
|  72|0x000000060b000000, 0x000000060b000000, 0x000000060b200000|  0%| F|  |TAMS 0x000000060b000000, 0x000000060b000000| Untracked 
|  73|0x000000060b200000, 0x000000060b200000, 0x000000060b400000|  0%| F|  |TAMS 0x000000060b200000, 0x000000060b200000| Untracked 
|  74|0x000000060b400000, 0x000000060b400000, 0x000000060b600000|  0%| F|  |TAMS 0x000000060b400000, 0x000000060b400000| Untracked 
|  75|0x000000060b600000, 0x000000060b600000, 0x000000060b800000|  0%| F|  |TAMS 0x000000060b600000, 0x000000060b600000| Untracked 
|  76|0x000000060b800000, 0x000000060b800000, 0x000000060ba00000|  0%| F|  |TAMS 0x000000060b800000, 0x000000060b800000| Untracked 
|  77|0x000000060ba00000, 0x000000060ba00000, 0x000000060bc00000|  0%| F|  |TAMS 0x000000060ba00000, 0x000000060ba00000| Untracked 
|  78|0x000000060bc00000, 0x000000060bc00000, 0x000000060be00000|  0%| F|  |TAMS 0x000000060bc00000, 0x000000060bc00000| Untracked 
|  79|0x000000060be00000, 0x000000060be00000, 0x000000060c000000|  0%| F|  |TAMS 0x000000060be00000, 0x000000060be00000| Untracked 
|  80|0x000000060c000000, 0x000000060c000000, 0x000000060c200000|  0%| F|  |TAMS 0x000000060c000000, 0x000000060c000000| Untracked 
|  81|0x000000060c200000, 0x000000060c200000, 0x000000060c400000|  0%| F|  |TAMS 0x000000060c200000, 0x000000060c200000| Untracked 
|  82|0x000000060c400000, 0x000000060c400000, 0x000000060c600000|  0%| F|  |TAMS 0x000000060c400000, 0x000000060c400000| Untracked 
|  83|0x000000060c600000, 0x000000060c600000, 0x000000060c800000|  0%| F|  |TAMS 0x000000060c600000, 0x000000060c600000| Untracked 
|  84|0x000000060c800000, 0x000000060c800000, 0x000000060ca00000|  0%| F|  |TAMS 0x000000060c800000, 0x000000060c800000| Untracked 
|  85|0x000000060ca00000, 0x000000060ca00000, 0x000000060cc00000|  0%| F|  |TAMS 0x000000060ca00000, 0x000000060ca00000| Untracked 
|  86|0x000000060cc00000, 0x000000060cc00000, 0x000000060ce00000|  0%| F|  |TAMS 0x000000060cc00000, 0x000000060cc00000| Untracked 
|  87|0x000000060ce00000, 0x000000060ce00000, 0x000000060d000000|  0%| F|  |TAMS 0x000000060ce00000, 0x000000060ce00000| Untracked 
|  88|0x000000060d000000, 0x000000060d000000, 0x000000060d200000|  0%| F|  |TAMS 0x000000060d000000, 0x000000060d000000| Untracked 
|  89|0x000000060d200000, 0x000000060d200000, 0x000000060d400000|  0%| F|  |TAMS 0x000000060d200000, 0x000000060d200000| Untracked 
|  90|0x000000060d400000, 0x000000060d400000, 0x000000060d600000|  0%| F|  |TAMS 0x000000060d400000, 0x000000060d400000| Untracked 
|  91|0x000000060d600000, 0x000000060d600000, 0x000000060d800000|  0%| F|  |TAMS 0x000000060d600000, 0x000000060d600000| Untracked 
|  92|0x000000060d800000, 0x000000060d800000, 0x000000060da00000|  0%| F|  |TAMS 0x000000060d800000, 0x000000060d800000| Untracked 
|  93|0x000000060da00000, 0x000000060da00000, 0x000000060dc00000|  0%| F|  |TAMS 0x000000060da00000, 0x000000060da00000| Untracked 
|  94|0x000000060dc00000, 0x000000060dc00000, 0x000000060de00000|  0%| F|  |TAMS 0x000000060dc00000, 0x000000060dc00000| Untracked 
|  95|0x000000060de00000, 0x000000060de00000, 0x000000060e000000|  0%| F|  |TAMS 0x000000060de00000, 0x000000060de00000| Untracked 
|  96|0x000000060e000000, 0x000000060e000000, 0x000000060e200000|  0%| F|  |TAMS 0x000000060e000000, 0x000000060e000000| Untracked 
|  97|0x000000060e200000, 0x000000060e200000, 0x000000060e400000|  0%| F|  |TAMS 0x000000060e200000, 0x000000060e200000| Untracked 
|  98|0x000000060e400000, 0x000000060e400000, 0x000000060e600000|  0%| F|  |TAMS 0x000000060e400000, 0x000000060e400000| Untracked 
|  99|0x000000060e600000, 0x000000060e600000, 0x000000060e800000|  0%| F|  |TAMS 0x000000060e600000, 0x000000060e600000| Untracked 
| 100|0x000000060e800000, 0x000000060e800000, 0x000000060ea00000|  0%| F|  |TAMS 0x000000060e800000, 0x000000060e800000| Untracked 
| 101|0x000000060ea00000, 0x000000060ea00000, 0x000000060ec00000|  0%| F|  |TAMS 0x000000060ea00000, 0x000000060ea00000| Untracked 
| 102|0x000000060ec00000, 0x000000060ec00000, 0x000000060ee00000|  0%| F|  |TAMS 0x000000060ec00000, 0x000000060ec00000| Untracked 
| 103|0x000000060ee00000, 0x000000060ee00000, 0x000000060f000000|  0%| F|  |TAMS 0x000000060ee00000, 0x000000060ee00000| Untracked 
| 104|0x000000060f000000, 0x000000060f000000, 0x000000060f200000|  0%| F|  |TAMS 0x000000060f000000, 0x000000060f000000| Untracked 
| 105|0x000000060f200000, 0x000000060f200000, 0x000000060f400000|  0%| F|  |TAMS 0x000000060f200000, 0x000000060f200000| Untracked 
| 106|0x000000060f400000, 0x000000060f400000, 0x000000060f600000|  0%| F|  |TAMS 0x000000060f400000, 0x000000060f400000| Untracked 
| 107|0x000000060f600000, 0x000000060f600000, 0x000000060f800000|  0%| F|  |TAMS 0x000000060f600000, 0x000000060f600000| Untracked 
| 108|0x000000060f800000, 0x000000060f800000, 0x000000060fa00000|  0%| F|  |TAMS 0x000000060f800000, 0x000000060f800000| Untracked 
| 109|0x000000060fa00000, 0x000000060fa00000, 0x000000060fc00000|  0%| F|  |TAMS 0x000000060fa00000, 0x000000060fa00000| Untracked 
| 110|0x000000060fc00000, 0x000000060fc00000, 0x000000060fe00000|  0%| F|  |TAMS 0x000000060fc00000, 0x000000060fc00000| Untracked 
| 111|0x000000060fe00000, 0x000000060fe00000, 0x0000000610000000|  0%| F|  |TAMS 0x000000060fe00000, 0x000000060fe00000| Untracked 
| 112|0x0000000610000000, 0x0000000610000000, 0x0000000610200000|  0%| F|  |TAMS 0x0000000610000000, 0x0000000610000000| Untracked 
| 113|0x0000000610200000, 0x0000000610200000, 0x0000000610400000|  0%| F|  |TAMS 0x0000000610200000, 0x0000000610200000| Untracked 
| 114|0x0000000610400000, 0x0000000610400000, 0x0000000610600000|  0%| F|  |TAMS 0x0000000610400000, 0x0000000610400000| Untracked 
| 115|0x0000000610600000, 0x0000000610600000, 0x0000000610800000|  0%| F|  |TAMS 0x0000000610600000, 0x0000000610600000| Untracked 
| 116|0x0000000610800000, 0x0000000610800000, 0x0000000610a00000|  0%| F|  |TAMS 0x0000000610800000, 0x0000000610800000| Untracked 
| 117|0x0000000610a00000, 0x0000000610a00000, 0x0000000610c00000|  0%| F|  |TAMS 0x0000000610a00000, 0x0000000610a00000| Untracked 
| 118|0x0000000610c00000, 0x0000000610c00000, 0x0000000610e00000|  0%| F|  |TAMS 0x0000000610c00000, 0x0000000610c00000| Untracked 
| 119|0x0000000610e00000, 0x0000000610e00000, 0x0000000611000000|  0%| F|  |TAMS 0x0000000610e00000, 0x0000000610e00000| Untracked 
| 120|0x0000000611000000, 0x0000000611000000, 0x0000000611200000|  0%| F|  |TAMS 0x0000000611000000, 0x0000000611000000| Untracked 
| 121|0x0000000611200000, 0x0000000611200000, 0x0000000611400000|  0%| F|  |TAMS 0x0000000611200000, 0x0000000611200000| Untracked 
| 122|0x0000000611400000, 0x0000000611400000, 0x0000000611600000|  0%| F|  |TAMS 0x0000000611400000, 0x0000000611400000| Untracked 
| 123|0x0000000611600000, 0x0000000611600000, 0x0000000611800000|  0%| F|  |TAMS 0x0000000611600000, 0x0000000611600000| Untracked 
| 124|0x0000000611800000, 0x0000000611800000, 0x0000000611a00000|  0%| F|  |TAMS 0x0000000611800000, 0x0000000611800000| Untracked 
| 125|0x0000000611a00000, 0x0000000611a00000, 0x0000000611c00000|  0%| F|  |TAMS 0x0000000611a00000, 0x0000000611a00000| Untracked 
| 126|0x0000000611c00000, 0x0000000611c00000, 0x0000000611e00000|  0%| F|  |TAMS 0x0000000611c00000, 0x0000000611c00000| Untracked 
| 127|0x0000000611e00000, 0x0000000611e00000, 0x0000000612000000|  0%| F|  |TAMS 0x0000000611e00000, 0x0000000611e00000| Untracked 
| 128|0x0000000612000000, 0x0000000612000000, 0x0000000612200000|  0%| F|  |TAMS 0x0000000612000000, 0x0000000612000000| Untracked 
| 129|0x0000000612200000, 0x0000000612200000, 0x0000000612400000|  0%| F|  |TAMS 0x0000000612200000, 0x0000000612200000| Untracked 
| 130|0x0000000612400000, 0x0000000612400000, 0x0000000612600000|  0%| F|  |TAMS 0x0000000612400000, 0x0000000612400000| Untracked 
| 131|0x0000000612600000, 0x0000000612600000, 0x0000000612800000|  0%| F|  |TAMS 0x0000000612600000, 0x0000000612600000| Untracked 
| 132|0x0000000612800000, 0x0000000612800000, 0x0000000612a00000|  0%| F|  |TAMS 0x0000000612800000, 0x0000000612800000| Untracked 
| 133|0x0000000612a00000, 0x0000000612a00000, 0x0000000612c00000|  0%| F|  |TAMS 0x0000000612a00000, 0x0000000612a00000| Untracked 
| 134|0x0000000612c00000, 0x0000000612c00000, 0x0000000612e00000|  0%| F|  |TAMS 0x0000000612c00000, 0x0000000612c00000| Untracked 
| 135|0x0000000612e00000, 0x0000000612e00000, 0x0000000613000000|  0%| F|  |TAMS 0x0000000612e00000, 0x0000000612e00000| Untracked 
| 136|0x0000000613000000, 0x0000000613000000, 0x0000000613200000|  0%| F|  |TAMS 0x0000000613000000, 0x0000000613000000| Untracked 
| 137|0x0000000613200000, 0x0000000613200000, 0x0000000613400000|  0%| F|  |TAMS 0x0000000613200000, 0x0000000613200000| Untracked 
| 138|0x0000000613400000, 0x0000000613400000, 0x0000000613600000|  0%| F|  |TAMS 0x0000000613400000, 0x0000000613400000| Untracked 
| 139|0x0000000613600000, 0x0000000613600000, 0x0000000613800000|  0%| F|  |TAMS 0x0000000613600000, 0x0000000613600000| Untracked 
| 140|0x0000000613800000, 0x0000000613800000, 0x0000000613a00000|  0%| F|  |TAMS 0x0000000613800000, 0x0000000613800000| Untracked 
| 141|0x0000000613a00000, 0x0000000613a00000, 0x0000000613c00000|  0%| F|  |TAMS 0x0000000613a00000, 0x0000000613a00000| Untracked 
| 142|0x0000000613c00000, 0x0000000613c00000, 0x0000000613e00000|  0%| F|  |TAMS 0x0000000613c00000, 0x0000000613c00000| Untracked 
| 143|0x0000000613e00000, 0x0000000613e00000, 0x0000000614000000|  0%| F|  |TAMS 0x0000000613e00000, 0x0000000613e00000| Untracked 
| 144|0x0000000614000000, 0x0000000614000000, 0x0000000614200000|  0%| F|  |TAMS 0x0000000614000000, 0x0000000614000000| Untracked 
| 145|0x0000000614200000, 0x0000000614200000, 0x0000000614400000|  0%| F|  |TAMS 0x0000000614200000, 0x0000000614200000| Untracked 
| 146|0x0000000614400000, 0x0000000614400000, 0x0000000614600000|  0%| F|  |TAMS 0x0000000614400000, 0x0000000614400000| Untracked 
| 147|0x0000000614600000, 0x0000000614600000, 0x0000000614800000|  0%| F|  |TAMS 0x0000000614600000, 0x0000000614600000| Untracked 
| 148|0x0000000614800000, 0x0000000614800000, 0x0000000614a00000|  0%| F|  |TAMS 0x0000000614800000, 0x0000000614800000| Untracked 
| 149|0x0000000614a00000, 0x0000000614a00000, 0x0000000614c00000|  0%| F|  |TAMS 0x0000000614a00000, 0x0000000614a00000| Untracked 
| 150|0x0000000614c00000, 0x0000000614c00000, 0x0000000614e00000|  0%| F|  |TAMS 0x0000000614c00000, 0x0000000614c00000| Untracked 
| 151|0x0000000614e00000, 0x0000000614e00000, 0x0000000615000000|  0%| F|  |TAMS 0x0000000614e00000, 0x0000000614e00000| Untracked 
| 152|0x0000000615000000, 0x0000000615000000, 0x0000000615200000|  0%| F|  |TAMS 0x0000000615000000, 0x0000000615000000| Untracked 
| 153|0x0000000615200000, 0x0000000615200000, 0x0000000615400000|  0%| F|  |TAMS 0x0000000615200000, 0x0000000615200000| Untracked 
| 154|0x0000000615400000, 0x0000000615400000, 0x0000000615600000|  0%| F|  |TAMS 0x0000000615400000, 0x0000000615400000| Untracked 
| 155|0x0000000615600000, 0x0000000615600000, 0x0000000615800000|  0%| F|  |TAMS 0x0000000615600000, 0x0000000615600000| Untracked 
| 156|0x0000000615800000, 0x0000000615800000, 0x0000000615a00000|  0%| F|  |TAMS 0x0000000615800000, 0x0000000615800000| Untracked 
| 157|0x0000000615a00000, 0x0000000615a00000, 0x0000000615c00000|  0%| F|  |TAMS 0x0000000615a00000, 0x0000000615a00000| Untracked 
| 158|0x0000000615c00000, 0x0000000615c00000, 0x0000000615e00000|  0%| F|  |TAMS 0x0000000615c00000, 0x0000000615c00000| Untracked 
| 159|0x0000000615e00000, 0x0000000615e00000, 0x0000000616000000|  0%| F|  |TAMS 0x0000000615e00000, 0x0000000615e00000| Untracked 
| 160|0x0000000616000000, 0x0000000616000000, 0x0000000616200000|  0%| F|  |TAMS 0x0000000616000000, 0x0000000616000000| Untracked 
| 161|0x0000000616200000, 0x0000000616200000, 0x0000000616400000|  0%| F|  |TAMS 0x0000000616200000, 0x0000000616200000| Untracked 
| 162|0x0000000616400000, 0x0000000616400000, 0x0000000616600000|  0%| F|  |TAMS 0x0000000616400000, 0x0000000616400000| Untracked 
| 163|0x0000000616600000, 0x0000000616600000, 0x0000000616800000|  0%| F|  |TAMS 0x0000000616600000, 0x0000000616600000| Untracked 
| 164|0x0000000616800000, 0x0000000616800000, 0x0000000616a00000|  0%| F|  |TAMS 0x0000000616800000, 0x0000000616800000| Untracked 
| 165|0x0000000616a00000, 0x0000000616a00000, 0x0000000616c00000|  0%| F|  |TAMS 0x0000000616a00000, 0x0000000616a00000| Untracked 
| 166|0x0000000616c00000, 0x0000000616c00000, 0x0000000616e00000|  0%| F|  |TAMS 0x0000000616c00000, 0x0000000616c00000| Untracked 
| 167|0x0000000616e00000, 0x0000000616e00000, 0x0000000617000000|  0%| F|  |TAMS 0x0000000616e00000, 0x0000000616e00000| Untracked 
| 168|0x0000000617000000, 0x0000000617000000, 0x0000000617200000|  0%| F|  |TAMS 0x0000000617000000, 0x0000000617000000| Untracked 
| 169|0x0000000617200000, 0x0000000617200000, 0x0000000617400000|  0%| F|  |TAMS 0x0000000617200000, 0x0000000617200000| Untracked 
| 170|0x0000000617400000, 0x0000000617400000, 0x0000000617600000|  0%| F|  |TAMS 0x0000000617400000, 0x0000000617400000| Untracked 
| 171|0x0000000617600000, 0x0000000617600000, 0x0000000617800000|  0%| F|  |TAMS 0x0000000617600000, 0x0000000617600000| Untracked 
| 172|0x0000000617800000, 0x0000000617800000, 0x0000000617a00000|  0%| F|  |TAMS 0x0000000617800000, 0x0000000617800000| Untracked 
| 173|0x0000000617a00000, 0x0000000617a00000, 0x0000000617c00000|  0%| F|  |TAMS 0x0000000617a00000, 0x0000000617a00000| Untracked 
| 174|0x0000000617c00000, 0x0000000617c00000, 0x0000000617e00000|  0%| F|  |TAMS 0x0000000617c00000, 0x0000000617c00000| Untracked 
| 175|0x0000000617e00000, 0x0000000617e00000, 0x0000000618000000|  0%| F|  |TAMS 0x0000000617e00000, 0x0000000617e00000| Untracked 
| 176|0x0000000618000000, 0x0000000618000000, 0x0000000618200000|  0%| F|  |TAMS 0x0000000618000000, 0x0000000618000000| Untracked 
| 177|0x0000000618200000, 0x0000000618200000, 0x0000000618400000|  0%| F|  |TAMS 0x0000000618200000, 0x0000000618200000| Untracked 
| 178|0x0000000618400000, 0x0000000618400000, 0x0000000618600000|  0%| F|  |TAMS 0x0000000618400000, 0x0000000618400000| Untracked 
| 179|0x0000000618600000, 0x0000000618600000, 0x0000000618800000|  0%| F|  |TAMS 0x0000000618600000, 0x0000000618600000| Untracked 
| 180|0x0000000618800000, 0x0000000618800000, 0x0000000618a00000|  0%| F|  |TAMS 0x0000000618800000, 0x0000000618800000| Untracked 
| 181|0x0000000618a00000, 0x0000000618a00000, 0x0000000618c00000|  0%| F|  |TAMS 0x0000000618a00000, 0x0000000618a00000| Untracked 
| 182|0x0000000618c00000, 0x0000000618c00000, 0x0000000618e00000|  0%| F|  |TAMS 0x0000000618c00000, 0x0000000618c00000| Untracked 
| 183|0x0000000618e00000, 0x0000000618e00000, 0x0000000619000000|  0%| F|  |TAMS 0x0000000618e00000, 0x0000000618e00000| Untracked 
| 184|0x0000000619000000, 0x0000000619000000, 0x0000000619200000|  0%| F|  |TAMS 0x0000000619000000, 0x0000000619000000| Untracked 
| 185|0x0000000619200000, 0x0000000619200000, 0x0000000619400000|  0%| F|  |TAMS 0x0000000619200000, 0x0000000619200000| Untracked 
| 186|0x0000000619400000, 0x0000000619400000, 0x0000000619600000|  0%| F|  |TAMS 0x0000000619400000, 0x0000000619400000| Untracked 
| 187|0x0000000619600000, 0x0000000619600000, 0x0000000619800000|  0%| F|  |TAMS 0x0000000619600000, 0x0000000619600000| Untracked 
| 188|0x0000000619800000, 0x0000000619800000, 0x0000000619a00000|  0%| F|  |TAMS 0x0000000619800000, 0x0000000619800000| Untracked 
| 189|0x0000000619a00000, 0x0000000619a00000, 0x0000000619c00000|  0%| F|  |TAMS 0x0000000619a00000, 0x0000000619a00000| Untracked 
| 190|0x0000000619c00000, 0x0000000619c00000, 0x0000000619e00000|  0%| F|  |TAMS 0x0000000619c00000, 0x0000000619c00000| Untracked 
| 191|0x0000000619e00000, 0x0000000619e00000, 0x000000061a000000|  0%| F|  |TAMS 0x0000000619e00000, 0x0000000619e00000| Untracked 
| 192|0x000000061a000000, 0x000000061a000000, 0x000000061a200000|  0%| F|  |TAMS 0x000000061a000000, 0x000000061a000000| Untracked 
| 193|0x000000061a200000, 0x000000061a200000, 0x000000061a400000|  0%| F|  |TAMS 0x000000061a200000, 0x000000061a200000| Untracked 
| 194|0x000000061a400000, 0x000000061a400000, 0x000000061a600000|  0%| F|  |TAMS 0x000000061a400000, 0x000000061a400000| Untracked 
| 195|0x000000061a600000, 0x000000061a600000, 0x000000061a800000|  0%| F|  |TAMS 0x000000061a600000, 0x000000061a600000| Untracked 
| 196|0x000000061a800000, 0x000000061a800000, 0x000000061aa00000|  0%| F|  |TAMS 0x000000061a800000, 0x000000061a800000| Untracked 
| 197|0x000000061aa00000, 0x000000061aa00000, 0x000000061ac00000|  0%| F|  |TAMS 0x000000061aa00000, 0x000000061aa00000| Untracked 
| 198|0x000000061ac00000, 0x000000061ac00000, 0x000000061ae00000|  0%| F|  |TAMS 0x000000061ac00000, 0x000000061ac00000| Untracked 
| 199|0x000000061ae00000, 0x000000061ae00000, 0x000000061b000000|  0%| F|  |TAMS 0x000000061ae00000, 0x000000061ae00000| Untracked 
| 200|0x000000061b000000, 0x000000061b000000, 0x000000061b200000|  0%| F|  |TAMS 0x000000061b000000, 0x000000061b000000| Untracked 
| 201|0x000000061b200000, 0x000000061b200000, 0x000000061b400000|  0%| F|  |TAMS 0x000000061b200000, 0x000000061b200000| Untracked 
| 202|0x000000061b400000, 0x000000061b400000, 0x000000061b600000|  0%| F|  |TAMS 0x000000061b400000, 0x000000061b400000| Untracked 
| 203|0x000000061b600000, 0x000000061b600000, 0x000000061b800000|  0%| F|  |TAMS 0x000000061b600000, 0x000000061b600000| Untracked 
| 204|0x000000061b800000, 0x000000061b800000, 0x000000061ba00000|  0%| F|  |TAMS 0x000000061b800000, 0x000000061b800000| Untracked 
| 205|0x000000061ba00000, 0x000000061ba00000, 0x000000061bc00000|  0%| F|  |TAMS 0x000000061ba00000, 0x000000061ba00000| Untracked 
| 206|0x000000061bc00000, 0x000000061bc00000, 0x000000061be00000|  0%| F|  |TAMS 0x000000061bc00000, 0x000000061bc00000| Untracked 
| 207|0x000000061be00000, 0x000000061be00000, 0x000000061c000000|  0%| F|  |TAMS 0x000000061be00000, 0x000000061be00000| Untracked 
| 208|0x000000061c000000, 0x000000061c000000, 0x000000061c200000|  0%| F|  |TAMS 0x000000061c000000, 0x000000061c000000| Untracked 
| 209|0x000000061c200000, 0x000000061c200000, 0x000000061c400000|  0%| F|  |TAMS 0x000000061c200000, 0x000000061c200000| Untracked 
| 210|0x000000061c400000, 0x000000061c400000, 0x000000061c600000|  0%| F|  |TAMS 0x000000061c400000, 0x000000061c400000| Untracked 
| 211|0x000000061c600000, 0x000000061c600000, 0x000000061c800000|  0%| F|  |TAMS 0x000000061c600000, 0x000000061c600000| Untracked 
| 212|0x000000061c800000, 0x000000061c800000, 0x000000061ca00000|  0%| F|  |TAMS 0x000000061c800000, 0x000000061c800000| Untracked 
| 213|0x000000061ca00000, 0x000000061ca00000, 0x000000061cc00000|  0%| F|  |TAMS 0x000000061ca00000, 0x000000061ca00000| Untracked 
| 214|0x000000061cc00000, 0x000000061cc00000, 0x000000061ce00000|  0%| F|  |TAMS 0x000000061cc00000, 0x000000061cc00000| Untracked 
| 215|0x000000061ce00000, 0x000000061ce00000, 0x000000061d000000|  0%| F|  |TAMS 0x000000061ce00000, 0x000000061ce00000| Untracked 
| 216|0x000000061d000000, 0x000000061d000000, 0x000000061d200000|  0%| F|  |TAMS 0x000000061d000000, 0x000000061d000000| Untracked 
| 217|0x000000061d200000, 0x000000061d200000, 0x000000061d400000|  0%| F|  |TAMS 0x000000061d200000, 0x000000061d200000| Untracked 
| 218|0x000000061d400000, 0x000000061d400000, 0x000000061d600000|  0%| F|  |TAMS 0x000000061d400000, 0x000000061d400000| Untracked 
| 219|0x000000061d600000, 0x000000061d600000, 0x000000061d800000|  0%| F|  |TAMS 0x000000061d600000, 0x000000061d600000| Untracked 
| 220|0x000000061d800000, 0x000000061d800000, 0x000000061da00000|  0%| F|  |TAMS 0x000000061d800000, 0x000000061d800000| Untracked 
| 221|0x000000061da00000, 0x000000061da00000, 0x000000061dc00000|  0%| F|  |TAMS 0x000000061da00000, 0x000000061da00000| Untracked 
| 222|0x000000061dc00000, 0x000000061dc00000, 0x000000061de00000|  0%| F|  |TAMS 0x000000061dc00000, 0x000000061dc00000| Untracked 
| 223|0x000000061de00000, 0x000000061de00000, 0x000000061e000000|  0%| F|  |TAMS 0x000000061de00000, 0x000000061de00000| Untracked 
| 224|0x000000061e000000, 0x000000061e000000, 0x000000061e200000|  0%| F|  |TAMS 0x000000061e000000, 0x000000061e000000| Untracked 
| 225|0x000000061e200000, 0x000000061e200000, 0x000000061e400000|  0%| F|  |TAMS 0x000000061e200000, 0x000000061e200000| Untracked 
| 226|0x000000061e400000, 0x000000061e400000, 0x000000061e600000|  0%| F|  |TAMS 0x000000061e400000, 0x000000061e400000| Untracked 
| 227|0x000000061e600000, 0x000000061e600000, 0x000000061e800000|  0%| F|  |TAMS 0x000000061e600000, 0x000000061e600000| Untracked 
| 228|0x000000061e800000, 0x000000061e800000, 0x000000061ea00000|  0%| F|  |TAMS 0x000000061e800000, 0x000000061e800000| Untracked 
| 229|0x000000061ea00000, 0x000000061ea9e8b0, 0x000000061ec00000| 30%| S|CS|TAMS 0x000000061ea00000, 0x000000061ea00000| Complete 
| 230|0x000000061ec00000, 0x000000061ee00000, 0x000000061ee00000|100%| S|CS|TAMS 0x000000061ec00000, 0x000000061ec00000| Complete 
| 231|0x000000061ee00000, 0x000000061f000000, 0x000000061f000000|100%| S|CS|TAMS 0x000000061ee00000, 0x000000061ee00000| Complete 
| 232|0x000000061f000000, 0x000000061f000000, 0x000000061f200000|  0%| F|  |TAMS 0x000000061f000000, 0x000000061f000000| Untracked 
| 233|0x000000061f200000, 0x000000061f200000, 0x000000061f400000|  0%| F|  |TAMS 0x000000061f200000, 0x000000061f200000| Untracked 
| 234|0x000000061f400000, 0x000000061f400000, 0x000000061f600000|  0%| F|  |TAMS 0x000000061f400000, 0x000000061f400000| Untracked 
| 235|0x000000061f600000, 0x000000061f600000, 0x000000061f800000|  0%| F|  |TAMS 0x000000061f600000, 0x000000061f600000| Untracked 
| 236|0x000000061f800000, 0x000000061f800000, 0x000000061fa00000|  0%| F|  |TAMS 0x000000061f800000, 0x000000061f800000| Untracked 
| 237|0x000000061fa00000, 0x000000061fa00000, 0x000000061fc00000|  0%| F|  |TAMS 0x000000061fa00000, 0x000000061fa00000| Untracked 
| 238|0x000000061fc00000, 0x000000061fc00000, 0x000000061fe00000|  0%| F|  |TAMS 0x000000061fc00000, 0x000000061fc00000| Untracked 
| 239|0x000000061fe00000, 0x000000061fe00000, 0x0000000620000000|  0%| F|  |TAMS 0x000000061fe00000, 0x000000061fe00000| Untracked 
| 240|0x0000000620000000, 0x0000000620000000, 0x0000000620200000|  0%| F|  |TAMS 0x0000000620000000, 0x0000000620000000| Untracked 
| 241|0x0000000620200000, 0x0000000620200000, 0x0000000620400000|  0%| F|  |TAMS 0x0000000620200000, 0x0000000620200000| Untracked 
| 242|0x0000000620400000, 0x0000000620400000, 0x0000000620600000|  0%| F|  |TAMS 0x0000000620400000, 0x0000000620400000| Untracked 
| 243|0x0000000620600000, 0x0000000620600000, 0x0000000620800000|  0%| F|  |TAMS 0x0000000620600000, 0x0000000620600000| Untracked 
| 244|0x0000000620800000, 0x0000000620800000, 0x0000000620a00000|  0%| F|  |TAMS 0x0000000620800000, 0x0000000620800000| Untracked 
| 245|0x0000000620a00000, 0x0000000620a00000, 0x0000000620c00000|  0%| F|  |TAMS 0x0000000620a00000, 0x0000000620a00000| Untracked 
| 246|0x0000000620c00000, 0x0000000620c00000, 0x0000000620e00000|  0%| F|  |TAMS 0x0000000620c00000, 0x0000000620c00000| Untracked 
| 247|0x0000000620e00000, 0x0000000620e00000, 0x0000000621000000|  0%| F|  |TAMS 0x0000000620e00000, 0x0000000620e00000| Untracked 
| 248|0x0000000621000000, 0x0000000621000000, 0x0000000621200000|  0%| F|  |TAMS 0x0000000621000000, 0x0000000621000000| Untracked 
| 249|0x0000000621200000, 0x0000000621200000, 0x0000000621400000|  0%| F|  |TAMS 0x0000000621200000, 0x0000000621200000| Untracked 
| 250|0x0000000621400000, 0x0000000621400000, 0x0000000621600000|  0%| F|  |TAMS 0x0000000621400000, 0x0000000621400000| Untracked 
| 251|0x0000000621600000, 0x0000000621704010, 0x0000000621800000| 50%| E|  |TAMS 0x0000000621600000, 0x0000000621600000| Complete 
| 252|0x0000000621800000, 0x0000000621a00000, 0x0000000621a00000|100%| E|CS|TAMS 0x0000000621800000, 0x0000000621800000| Complete 
| 253|0x0000000621a00000, 0x0000000621c00000, 0x0000000621c00000|100%| E|CS|TAMS 0x0000000621a00000, 0x0000000621a00000| Complete 
| 254|0x0000000621c00000, 0x0000000621e00000, 0x0000000621e00000|100%| E|CS|TAMS 0x0000000621c00000, 0x0000000621c00000| Complete 

Card table byte_map: [0x000002a8df200000,0x000002a8e01f0000] _byte_map_base: 0x000002a8dc1f0000

Marking Bits (Prev, Next): (CMBitMap*) 0x000002a8c6e89e68, (CMBitMap*) 0x000002a8c6e89ea8
 Prev Bits: [0x000002a8e11e0000, 0x000002a8e9160000)
 Next Bits: [0x000002a8e9160000, 0x000002a8f10e0000)

Polling page: 0x000002a8c65e0000

Metaspace:

Usage:
  Non-class:     13.36 MB capacity,    12.20 MB ( 91%) used,     1.14 MB (  9%) free+waste,    18.50 KB ( <1%) overhead. 
      Class:      1.82 MB capacity,     1.59 MB ( 87%) used,   227.04 KB ( 12%) free+waste,     8.38 KB ( <1%) overhead. 
       Both:     15.18 MB capacity,    13.79 MB ( 91%) used,     1.36 MB (  9%) free+waste,    26.88 KB ( <1%) overhead. 

Virtual space:
  Non-class space:       14.00 MB reserved,      13.50 MB ( 96%) committed 
      Class space:        1.00 GB reserved,       1.88 MB ( <1%) committed 
             Both:        1.01 GB reserved,      15.38 MB (  1%) committed 

Chunk freelists:
   Non-Class:  2.50 KB
       Class:  2.63 KB
        Both:  5.13 KB

CodeHeap 'non-profiled nmethods': size=120064Kb used=1636Kb max_used=1636Kb free=118427Kb
 bounds [0x000002a8d6cd0000, 0x000002a8d6f40000, 0x000002a8de210000]
CodeHeap 'profiled nmethods': size=120000Kb used=6919Kb max_used=6919Kb free=113080Kb
 bounds [0x000002a8cf7a0000, 0x000002a8cfe70000, 0x000002a8d6cd0000]
CodeHeap 'non-nmethods': size=5696Kb used=1140Kb max_used=1168Kb free=4555Kb
 bounds [0x000002a8cf210000, 0x000002a8cf480000, 0x000002a8cf7a0000]
 total_blobs=4339 nmethods=3152 adapters=365
 compilation: enabled
              stopped_count=0, restarted_count=0
 full_count=0

Compilation events (10 events):
Event: 11.008 Thread 0x000002a8f3f24800 3139   !   4       org.apache.maven.model.interpolation.StringSearchModelInterpolator$InterpolateObjectAction$MapField::doInterpolate (161 bytes)
Event: 11.012 Thread 0x000002a8f3f2b000 nmethod 3136 0x000002a8cfe47190 code [0x000002a8cfe48300, 0x000002a8cfe525d0]
Event: 11.013 Thread 0x000002a8f3f2b000 3140       3       org.codehaus.plexus.interpolation.reflection.MethodMap::get (14 bytes)
Event: 11.013 Thread 0x000002a8f3f2b000 nmethod 3140 0x000002a8cfe55290 code [0x000002a8cfe55460, 0x000002a8cfe557d0]
Event: 11.013 Thread 0x000002a8f3f2b000 3138       3       org.apache.maven.model.ReportPlugin::getReportSets (23 bytes)
Event: 11.013 Thread 0x000002a8f3f2b000 nmethod 3138 0x000002a8cfe55890 code [0x000002a8cfe55a80, 0x000002a8cfe55ef8]
Event: 11.013 Thread 0x000002a8f3f2b000 3137       1       org.apache.maven.model.Profile::setActivation (6 bytes)
Event: 11.013 Thread 0x000002a8f3f2b000 nmethod 3137 0x000002a8d6e68310 code [0x000002a8d6e684c0, 0x000002a8d6e68658]
Event: 11.049 Thread 0x000002a8f3f2b000 3141       3       org.eclipse.aether.util.version.GenericVersion$Tokenizer::next (231 bytes)
Event: 11.050 Thread 0x000002a8f3f2b000 nmethod 3141 0x000002a8cfe56010 code [0x000002a8cfe562c0, 0x000002a8cfe57270]

GC Heap History (6 events):
Event: 4.577 GC heap before
{Heap before GC invocations=0 (full 0):
 garbage-first heap   total 522240K, used 22528K [0x0000000602000000, 0x0000000800000000)
  region size 2048K, 12 young (24576K), 0 survivors (0K)
 Metaspace       used 5702K, capacity 7915K, committed 8064K, reserved 1056768K
  class space    used 670K, capacity 896K, committed 896K, reserved 1048576K
}
Event: 4.604 GC heap after
{Heap after GC invocations=1 (full 0):
 garbage-first heap   total 522240K, used 3727K [0x0000000602000000, 0x0000000800000000)
  region size 2048K, 2 young (4096K), 2 survivors (4096K)
 Metaspace       used 5702K, capacity 7915K, committed 8064K, reserved 1056768K
  class space    used 670K, capacity 896K, committed 896K, reserved 1048576K
}
Event: 5.781 GC heap before
{Heap before GC invocations=1 (full 0):
 garbage-first heap   total 522240K, used 38543K [0x0000000602000000, 0x0000000800000000)
  region size 2048K, 19 young (38912K), 2 survivors (4096K)
 Metaspace       used 11004K, capacity 12820K, committed 12928K, reserved 1060864K
  class space    used 1346K, capacity 1585K, committed 1664K, reserved 1048576K
}
Event: 5.786 GC heap after
{Heap after GC invocations=2 (full 0):
 garbage-first heap   total 522240K, used 5693K [0x0000000602000000, 0x0000000800000000)
  region size 2048K, 2 young (4096K), 2 survivors (4096K)
 Metaspace       used 11004K, capacity 12820K, committed 12928K, reserved 1060864K
  class space    used 1346K, capacity 1585K, committed 1664K, reserved 1048576K
}
Event: 10.657 GC heap before
{Heap before GC invocations=2 (full 0):
 garbage-first heap   total 522240K, used 48701K [0x0000000602000000, 0x0000000800000000)
  region size 2048K, 23 young (47104K), 2 survivors (4096K)
 Metaspace       used 14047K, capacity 15479K, committed 15744K, reserved 1062912K
  class space    used 1630K, capacity 1867K, committed 1920K, reserved 1048576K
}
Event: 10.698 GC heap after
{Heap after GC invocations=3 (full 0):
 garbage-first heap   total 522240K, used 8247K [0x0000000602000000, 0x0000000800000000)
  region size 2048K, 3 young (6144K), 3 survivors (6144K)
 Metaspace       used 14047K, capacity 15479K, committed 15744K, reserved 1062912K
  class space    used 1630K, capacity 1867K, committed 1920K, reserved 1048576K
}

Deoptimization events (10 events):
Event: 9.218 Thread 0x000002a8c6e06800 Uncommon trap: reason=class_check action=maybe_recompile pc=0x000002a8d6d9b240 method=com.google.inject.internal.LinkedBindingImpl.acceptTargetVisitor(Lcom/google/inject/spi/BindingTargetVisitor;)Ljava/lang/Object; @ 2 c2
Event: 9.242 Thread 0x000002a8c6e06800 Uncommon trap: reason=class_check action=maybe_recompile pc=0x000002a8d6d9b240 method=com.google.inject.internal.LinkedBindingImpl.acceptTargetVisitor(Lcom/google/inject/spi/BindingTargetVisitor;)Ljava/lang/Object; @ 2 c2
Event: 9.242 Thread 0x000002a8c6e06800 Uncommon trap: reason=class_check action=maybe_recompile pc=0x000002a8d6d9b240 method=com.google.inject.internal.LinkedBindingImpl.acceptTargetVisitor(Lcom/google/inject/spi/BindingTargetVisitor;)Ljava/lang/Object; @ 2 c2
Event: 9.247 Thread 0x000002a8c6e06800 Uncommon trap: reason=speculate_null_assert action=make_not_entrant pc=0x000002a8d6dfc41c method=org.eclipse.sisu.inject.RankedBindings$Itr.hasNext()Z @ 80 c2
Event: 9.281 Thread 0x000002a8c6e06800 Uncommon trap: reason=unstable_if action=reinterpret pc=0x000002a8d6d9bae8 method=java.lang.String.startsWith(Ljava/lang/String;I)Z @ 46 c2
Event: 9.281 Thread 0x000002a8c6e06800 Uncommon trap: reason=unstable_if action=reinterpret pc=0x000002a8d6d0e728 method=java.lang.String.startsWith(Ljava/lang/String;I)Z @ 46 c2
Event: 9.281 Thread 0x000002a8c6e06800 Uncommon trap: reason=unstable_if action=reinterpret pc=0x000002a8d6e23194 method=java.lang.String.lastIndexOf(II)I @ 4 c2
Event: 9.282 Thread 0x000002a8c6e06800 Uncommon trap: reason=unstable_if action=reinterpret pc=0x000002a8d6e152a8 method=java.lang.String.substring(I)Ljava/lang/String; @ 43 c2
Event: 9.285 Thread 0x000002a8c6e06800 Uncommon trap: reason=unstable_if action=reinterpret pc=0x000002a8d6d62a94 method=java.lang.String.lastIndexOf(II)I @ 4 c2
Event: 9.303 Thread 0x000002a8c6e06800 Uncommon trap: reason=unstable_if action=reinterpret pc=0x000002a8d6e265b4 method=org.apache.maven.model.interpolation.StringSearchModelInterpolator$InterpolateObjectAction$MapField.doInterpolate(Ljava/lang/Object;Lorg/apache/maven/model/interpolation/Str

Classes redefined (0 events):
No events

Internal exceptions (7 events):
Event: 3.046 Thread 0x000002a8c6e06800 Exception <a 'java/lang/NoSuchMethodError'{0x0000000621b37868}: java.lang.invoke.DirectMethodHandle$Holder.invokeSpecialIFC(Ljava/lang/Object;Ljava/lang/Object;I)I> (0x0000000621b37868) thrown at [t:/workspace/open/src/hotspot/share/interpreter/linkResolv
Event: 3.261 Thread 0x000002a8c6e06800 Exception <a 'java/lang/NoSuchMethodError'{0x0000000621827388}: java.lang.invoke.DirectMethodHandle$Holder.invokeStaticInit(Ljava/lang/Object;IIII)Ljava/lang/Object;> (0x0000000621827388) thrown at [t:/workspace/open/src/hotspot/share/interpreter/linkReso
Event: 3.889 Thread 0x000002a8c6e06800 Exception <a 'java/lang/NoSuchMethodError'{0x00000006218f9570}: java.lang.invoke.DirectMethodHandle$Holder.invokeStaticInit(Ljava/lang/Object;Ljava/lang/Object;IIII)Ljava/lang/Object;> (0x00000006218f9570) thrown at [t:/workspace/open/src/hotspot/share/in
Event: 5.671 Thread 0x000002a8c6e06800 Exception <a 'java/lang/NoClassDefFoundError'{0x000000061f830678}: com/google/inject/servlet/ServletModuleTargetVisitor> (0x000000061f830678) thrown at [t:/workspace/open/src/hotspot/share/classfile/systemDictionary.cpp, line 224]
Event: 5.671 Thread 0x000002a8c6e06800 Exception <a 'java/lang/NoClassDefFoundError'{0x000000061f8330b0}: javax/annotation/Priority> (0x000000061f8330b0) thrown at [t:/workspace/open/src/hotspot/share/classfile/systemDictionary.cpp, line 224]
Event: 6.465 Thread 0x000002a8c6e06800 Implicit null exception at 0x000002a8d6d1e005 to 0x000002a8d6d1e1f6
Event: 6.465 Thread 0x000002a8c6e06800 Implicit null exception at 0x000002a8d6d6f34f to 0x000002a8d6d6f3cd

Events (10 events):
Event: 9.286 loading class org/apache/maven/artifact/resolver/filter/CumulativeScopeArtifactFilter done
Event: 9.298 loading class org/apache/maven/artifact/resolver/filter/AbstractScopeArtifactFilter
Event: 9.298 loading class org/apache/maven/artifact/resolver/filter/AbstractScopeArtifactFilter done
Event: 9.303 Thread 0x000002a8c6e06800 Uncommon trap: trap_request=0xffffff4d fr.pc=0x000002a8d6e265b4 relative=0x0000000000001e74
Event: 9.303 Thread 0x000002a8c6e06800 DEOPT PACKING pc=0x000002a8d6e265b4 sp=0x000000eefc9fd7c0
Event: 9.303 Thread 0x000002a8c6e06800 DEOPT UNPACKING pc=0x000002a8cf239c2f sp=0x000000eefc9fd778 mode 2
Event: 9.668 loading class org/eclipse/aether/collection/DependencyManagement
Event: 9.668 loading class org/eclipse/aether/collection/DependencyManagement done
Event: 10.657 Executing VM operation: G1CollectForAllocation
Event: 10.698 Executing VM operation: G1CollectForAllocation done


Dynamic libraries:
0x00007ff78a590000 - 0x00007ff78a59f000 	D:\program\jdk-12.0.1\bin\java.exe
0x00007ffd6cb00000 - 0x00007ffd6ccf0000 	C:\WINDOWS\SYSTEM32\ntdll.dll
0x00007ffd6c200000 - 0x00007ffd6c2b2000 	C:\WINDOWS\System32\KERNEL32.DLL
0x00007ffd6a4b0000 - 0x00007ffd6a753000 	C:\WINDOWS\System32\KERNELBASE.dll
0x00007ffd69ae0000 - 0x00007ffd69bda000 	C:\WINDOWS\System32\ucrtbase.dll
0x00007ffd647b0000 - 0x00007ffd647c8000 	D:\program\jdk-12.0.1\bin\jli.dll
0x00007ffd6bbc0000 - 0x00007ffd6bc63000 	C:\WINDOWS\System32\ADVAPI32.dll
0x00007ffd6bce0000 - 0x00007ffd6bd7e000 	C:\WINDOWS\System32\msvcrt.dll
0x00007ffd6c8e0000 - 0x00007ffd6c977000 	C:\WINDOWS\System32\sechost.dll
0x00007ffd6bde0000 - 0x00007ffd6bf00000 	C:\WINDOWS\System32\RPCRT4.dll
0x00007ffd6bf80000 - 0x00007ffd6c114000 	C:\WINDOWS\System32\USER32.dll
0x00007ffd6a860000 - 0x00007ffd6a881000 	C:\WINDOWS\System32\win32u.dll
0x00007ffd6b800000 - 0x00007ffd6b826000 	C:\WINDOWS\System32\GDI32.dll
0x00007ffd6a970000 - 0x00007ffd6ab04000 	C:\WINDOWS\System32\gdi32full.dll
0x00007ffd6a7c0000 - 0x00007ffd6a85e000 	C:\WINDOWS\System32\msvcp_win.dll
0x00007ffd5dd20000 - 0x00007ffd5dfa5000 	C:\WINDOWS\WinSxS\amd64_microsoft.windows.common-controls_6595b64144ccf1df_6.0.18362.535_none_e6c3b34713100821\COMCTL32.dll
0x00007ffd6c370000 - 0x00007ffd6c6a6000 	C:\WINDOWS\System32\combase.dll
0x00007ffd6ab30000 - 0x00007ffd6abb0000 	C:\WINDOWS\System32\bcryptPrimitives.dll
0x00007ffd63ee0000 - 0x00007ffd63eea000 	C:\WINDOWS\SYSTEM32\VERSION.dll
0x00007ffd638f0000 - 0x00007ffd63906000 	D:\program\jdk-12.0.1\bin\VCRUNTIME140.dll
0x00007ffd6b830000 - 0x00007ffd6b85e000 	C:\WINDOWS\System32\IMM32.DLL
0x00007ffd57a60000 - 0x00007ffd57b0a000 	D:\program\jdk-12.0.1\bin\msvcp140.dll
0x00007ffd09a40000 - 0x00007ffd0a5b4000 	D:\program\jdk-12.0.1\bin\server\jvm.dll
0x00007ffd6b7f0000 - 0x00007ffd6b7f8000 	C:\WINDOWS\System32\PSAPI.DLL
0x00007ffd600c0000 - 0x00007ffd600e4000 	C:\WINDOWS\SYSTEM32\WINMM.dll
0x00007ffd5cea0000 - 0x00007ffd5cea9000 	C:\WINDOWS\SYSTEM32\WSOCK32.dll
0x00007ffd6bc70000 - 0x00007ffd6bcdf000 	C:\WINDOWS\System32\WS2_32.dll
0x00007ffd5fe80000 - 0x00007ffd5fead000 	C:\WINDOWS\SYSTEM32\winmmbase.dll
0x00007ffd69a90000 - 0x00007ffd69ada000 	C:\WINDOWS\System32\cfgmgr32.dll
0x00007ffd699e0000 - 0x00007ffd699f1000 	C:\WINDOWS\System32\kernel.appcore.dll
0x00007ffd638d0000 - 0x00007ffd638e1000 	D:\program\jdk-12.0.1\bin\verify.dll
0x00007ffd682e0000 - 0x00007ffd684d4000 	C:\WINDOWS\SYSTEM32\DBGHELP.DLL
0x00007ffd61ac0000 - 0x00007ffd61aea000 	C:\WINDOWS\SYSTEM32\dbgcore.DLL
0x00007ffd61400000 - 0x00007ffd61426000 	D:\program\jdk-12.0.1\bin\java.dll
0x00007ffd633e0000 - 0x00007ffd633f7000 	D:\program\jdk-12.0.1\bin\zip.dll
0x00007ffd64a70000 - 0x00007ffd64a7a000 	D:\program\jdk-12.0.1\bin\jimage.dll
0x00007ffd6b080000 - 0x00007ffd6b765000 	C:\WINDOWS\System32\SHELL32.dll
0x00007ffd6c2c0000 - 0x00007ffd6c369000 	C:\WINDOWS\System32\shcore.dll
0x00007ffd69d30000 - 0x00007ffd6a4af000 	C:\WINDOWS\System32\windows.storage.dll
0x00007ffd69a70000 - 0x00007ffd69a8f000 	C:\WINDOWS\System32\profapi.dll
0x00007ffd69a00000 - 0x00007ffd69a4a000 	C:\WINDOWS\System32\powrprof.dll
0x00007ffd699d0000 - 0x00007ffd699e0000 	C:\WINDOWS\System32\UMPDC.dll
0x00007ffd6b020000 - 0x00007ffd6b072000 	C:\WINDOWS\System32\shlwapi.dll
0x00007ffd6ab10000 - 0x00007ffd6ab27000 	C:\WINDOWS\System32\cryptsp.dll
0x00007ffd613e0000 - 0x00007ffd613f9000 	D:\program\jdk-12.0.1\bin\net.dll
0x00007ffd5a460000 - 0x00007ffd5a636000 	C:\WINDOWS\SYSTEM32\urlmon.dll
0x00007ffd608b0000 - 0x00007ffd609a0000 	C:\WINDOWS\SYSTEM32\WINHTTP.dll
0x00007ffd5af70000 - 0x00007ffd5b216000 	C:\WINDOWS\SYSTEM32\iertutil.dll
0x00007ffd69410000 - 0x00007ffd6941c000 	C:\WINDOWS\SYSTEM32\CRYPTBASE.DLL
0x00007ffd69240000 - 0x00007ffd692a7000 	C:\WINDOWS\system32\mswsock.dll
0x00007ffd60d10000 - 0x00007ffd60d23000 	D:\program\jdk-12.0.1\bin\nio.dll
0x00007ffd68db0000 - 0x00007ffd68de3000 	C:\WINDOWS\system32\rsaenh.dll
0x00007ffd6a940000 - 0x00007ffd6a966000 	C:\WINDOWS\System32\bcrypt.dll
0x00007ffd698f0000 - 0x00007ffd69915000 	C:\WINDOWS\SYSTEM32\USERENV.dll
0x00007ffd68f50000 - 0x00007ffd68f8a000 	C:\WINDOWS\SYSTEM32\IPHLPAPI.DLL
0x00007ffd6b7e0000 - 0x00007ffd6b7e8000 	C:\WINDOWS\System32\NSI.dll
0x00007ffd627d0000 - 0x00007ffd627e6000 	C:\WINDOWS\SYSTEM32\dhcpcsvc6.DLL
0x00007ffd627b0000 - 0x00007ffd627cc000 	C:\WINDOWS\SYSTEM32\dhcpcsvc.DLL
0x00007ffd68f90000 - 0x00007ffd6905a000 	C:\WINDOWS\SYSTEM32\DNSAPI.dll
0x00007ffd64990000 - 0x00007ffd6499a000 	C:\Users\madokast\AppData\Local\Temp\jansi-1.16-10156891736567726373.dll
0x00007ffd648e0000 - 0x00007ffd648ea000 	C:\Users\madokast\AppData\Local\Temp\jansi-1.16-16002050093903602280.dll

dbghelp: loaded successfully - version: 4.0.5 - missing functions: none
symbol engine: initialized successfully - sym options: 0x614 - pdb path: .;D:\program\jdk-12.0.1\bin;C:\WINDOWS\SYSTEM32;C:\WINDOWS\WinSxS\amd64_microsoft.windows.common-controls_6595b64144ccf1df_6.0.18362.535_none_e6c3b34713100821;D:\program\jdk-12.0.1\bin\server;C:\Users\madokast\AppData\Local\Temp

VM Arguments:
jvm_args: -Dmaven.multiModuleProjectDirectory=D:\Documents\GitHub\JavaLearning\DataStructuresAndAlgorithms -DarchetypeCatalog=internal -Dfile.encoding=GB2312 -Dmaven.home=D:\program\apache-maven-3.5.2 -Dclassworlds.conf=D:\program\apache-maven-3.5.2\bin\m2.conf 
java_command: org.codehaus.classworlds.Launcher -Didea.version2019.1.4 -s D:\program\apache-maven-3.5.2\conf\settings.xml install --non-recursive
java_class_path (initial): D:\program\apache-maven-3.5.2\boot\plexus-classworlds-2.5.2.jar
Launcher Type: SUN_STANDARD

[Global flags]
     intx CICompilerCount                          = 3                                         {product} {ergonomic}
     uint ConcGCThreads                            = 1                                         {product} {ergonomic}
     uint G1ConcRefinementThreads                  = 4                                         {product} {ergonomic}
   size_t G1HeapRegionSize                         = 2097152                                   {product} {ergonomic}
    uintx GCDrainStackTargetSize                   = 64                                        {product} {ergonomic}
   size_t InitialHeapSize                          = 534773760                                 {product} {ergonomic}
   size_t MarkStackSize                            = 4194304                                   {product} {ergonomic}
   size_t MaxHeapSize                              = 8556380160                                {product} {ergonomic}
   size_t MaxNewSize                               = 5133828096                                {product} {ergonomic}
   size_t MinHeapDeltaBytes                        = 2097152                                   {product} {ergonomic}
    uintx NonNMethodCodeHeapSize                   = 5830732                                {pd product} {ergonomic}
    uintx NonProfiledCodeHeapSize                  = 122913754                              {pd product} {ergonomic}
    uintx ProfiledCodeHeapSize                     = 122913754                              {pd product} {ergonomic}
    uintx ReservedCodeCacheSize                    = 251658240                              {pd product} {ergonomic}
     bool SegmentedCodeCache                       = true                                      {product} {ergonomic}
     bool UseCompressedClassPointers               = true                                 {lp64_product} {ergonomic}
     bool UseCompressedOops                        = true                                 {lp64_product} {ergonomic}
     bool UseG1GC                                  = true                                      {product} {ergonomic}
     bool UseLargePagesIndividualAllocation        = false                                  {pd product} {ergonomic}

Logging:
Log output configuration:
 #0: stdout all=warning uptime,level,tags
 #1: stderr all=off uptime,level,tags

Environment Variables:
JAVA_HOME=D:\program\jdk1.8.0_221
PATH=D:\Program Files\JetBrains\IntelliJ IDEA 2019.1.3\jre64\\bin;D:\Program Files\JetBrains\IntelliJ IDEA 2019.1.3\jre64\\bin\server;C:\Program Files (x86)\Common Files\Oracle\Java\javapath;D:\program\jdk1.8.0_221\bin;D:\program\apache-maven-3.5.2\bin;C:\WINDOWS\system32;C:\WINDOWS;C:\WINDOWS\System32\Wbem;C:\WINDOWS\System32\WindowsPowerShell\v1.0\;C:\WINDOWS\System32\OpenSSH\;D:\Program Files\Git\cmd;D:\Program Files\MySQL\MySQL Server 5.5\bin;D:\program\CTEX\UserData\miktex\bin;D:\program\CTEX\MiKTeX\miktex\bin;D:\program\CTEX\CTeX\ctex\bin;D:\program\CTEX\CTeX\cct\bin;D:\program\CTEX\CTeX\ty\bin;D:\program\CTEX\Ghostscript\gs9.05\bin;D:\program\CTEX\GSview\gsview;D:\program\CTEX\WinEdt;C:\Users\madokast\AppData\Local\Programs\Python\Python37-32\Scripts\;C:\Users\madokast\AppData\Local\Programs\Python\Python37-32\;C:\Users\madokast\AppData\Local\Microsoft\WindowsApps;C:\Users\madokast\AppData\Local\GitHubDesktop\bin;C:\Users\madokast\AppData\Local\Microsoft\WindowsApps;D:\program\texlive\2019\bin\win32
USERNAME=madokast
OS=Windows_NT
PROCESSOR_IDENTIFIER=Intel64 Family 6 Model 158 Stepping 9, GenuineIntel



---------------  S Y S T E M  ---------------

OS: Windows 10 , 64 bit Build 18362 (10.0.18362.329)

CPU:total 4 (initial active 4) (4 cores per cpu, 1 threads per core) family 6 model 158 stepping 9, cmov, cx8, fxsr, mmx, sse, sse2, sse3, ssse3, sse4.1, sse4.2, popcnt, avx, avx2, aes, clmul, erms, 3dnowpref, lzcnt, tsc, tscinvbit, bmi1, bmi2, adx, fma

Memory: 4k page, system-wide physical 32634M (10858M free)
TotalPageFile size 45953M (AvailPageFile size 3M)
current process WorkingSet (physical memory assigned to process): 125M, peak: 127M
current process commit charge ("private bytes"): 628M, peak: 638M

vm_info: Java HotSpot(TM) 64-Bit Server VM (12.0.1+12) for windows-amd64 JRE (12.0.1+12), built on Apr  2 2019 14:02:19 by "mach5one" with MS VC++ 15.5 (VS2017)

END.
