#
# There is insufficient memory for the Java Runtime Environment to continue.
# Native memory allocation (malloc) failed to allocate 32744 bytes for ChunkPool::allocate
# Possible reasons:
#   The system is out of physical RAM or swap space
#   The process is running with CompressedOops enabled, and the Java Heap may be blocking the growth of the native heap
# Possible solutions:
#   Reduce memory load on the system
#   Increase physical memory or swap space
#   Check if swap backing store is full
#   Decrease Java heap size (-Xmx/-Xms)
#   Decrease number of Java threads
#   Decrease Java thread stack sizes (-Xss)
#   Set larger code cache with -XX:ReservedCodeCacheSize=
#   JVM is running with Zero Based Compressed Oops mode in which the Java heap is
#     placed in the first 32GB address space. The Java Heap base address is the
#     maximum limit for the native heap growth. Please use -XX:HeapBaseMinAddress
#     to set the Java Heap base and to place the Java Heap above 32GB virtual address.
# This output file may be truncated or incomplete.
#
#  Out of Memory Error (t:/workspace/open/src/hotspot/share/memory/arena.cpp:81), pid=70396, tid=81020
#
# JRE version: Java(TM) SE Runtime Environment (12.0.1+12) (build 12.0.1+12)
# Java VM: Java HotSpot(TM) 64-Bit Server VM (12.0.1+12, mixed mode, sharing, tiered, compressed oops, g1 gc, windows-amd64)
# No core dump will be written. Minidumps are not enabled by default on client versions of Windows
#

---------------  S U M M A R Y ------------

Command Line: -Dmaven.multiModuleProjectDirectory=D:\Documents\GitHub\JavaLearning\DataStructuresAndAlgorithms -DarchetypeCatalog=internal -Dfile.encoding=GB2312 -Dmaven.home=D:\program\apache-maven-3.5.2 -Dclassworlds.conf=D:\program\apache-maven-3.5.2\bin\m2.conf -javaagent:D:\Program Files\JetBrains\IntelliJ IDEA 2019.1.3\lib\idea_rt.jar=51858:D:\Program Files\JetBrains\IntelliJ IDEA 2019.1.3\bin org.codehaus.classworlds.Launcher -Didea.version2019.1.4 -s D:\program\apache-maven-3.5.2\conf\settings.xml -Dexec.workingdir=D:\Documents\GitHub\JavaLearning\DataStructuresAndAlgorithms -Dexec.args=-classpath %classpath zrx.com.others.COSY.SR -Dexec.executable=D:\program\jdk-12.0.1\bin\java.exe exec:exec

Host: Intel(R) Core(TM) i5-7300HQ CPU @ 2.50GHz, 4 cores, 31G,  Windows 10 , 64 bit Build 18362 (10.0.18362.329)
Time: Wed Jan  1 10:56:38 2020 ?D1¨²¡À¨º¡Á?¨º¡À?? elapsed time: 5 seconds (0d 0h 0m 5s)

---------------  T H R E A D  ---------------

Current thread (0x000001b87eb95800):  JavaThread "C2 CompilerThread0" daemon [_thread_in_native, id=81020, stack(0x00000065aca00000,0x00000065acb00000)]


Current CompileTask:
C2:   5230 2643       4       org.eclipse.sisu.plexus.RealmFilteredBeans$FilteredItr::hasNext (81 bytes)

Stack: [0x00000065aca00000,0x00000065acb00000]
Native frames: (J=compiled Java code, j=interpreted, Vv=VM code, C=native code)
V  [jvm.dll+0x63948a]
V  [jvm.dll+0x78b31f]
V  [jvm.dll+0x78c9c1]
V  [jvm.dll+0x78d013]
V  [jvm.dll+0x262138]
V  [jvm.dll+0xc5a56]
V  [jvm.dll+0xc5dac]
V  [jvm.dll+0x37ed58]
V  [jvm.dll+0x37e4d1]
V  [jvm.dll+0x37e514]
V  [jvm.dll+0x53996c]
V  [jvm.dll+0x53a159]
V  [jvm.dll+0x3454c2]
V  [jvm.dll+0x34485a]
V  [jvm.dll+0x21c035]
V  [jvm.dll+0x21b20a]
V  [jvm.dll+0x199890]
V  [jvm.dll+0x22a534]
V  [jvm.dll+0x228b88]
V  [jvm.dll+0x74f660]
V  [jvm.dll+0x748648]
V  [jvm.dll+0x638566]
C  [ucrtbase.dll+0x20e72]
C  [KERNEL32.DLL+0x17bd4]
C  [ntdll.dll+0x6ced1]


---------------  P R O C E S S  ---------------

Threads class SMR info:
_java_thread_list=0x000001b8277cc770, length=12, elements={
0x000001b878ca0000, 0x000001b87e24d000, 0x000001b87e24e000, 0x000001b87eb92800,
0x000001b87eb93800, 0x000001b87eb95800, 0x000001b87eb98800, 0x000001b87ebfd800,
0x000001b87ecb5000, 0x000001b87ed40800, 0x000001b87ed41800, 0x000001b82793f800
}

Java Threads: ( => current thread )
  0x000001b878ca0000 JavaThread "main" [_thread_in_native, id=53708, stack(0x00000065abf00000,0x00000065ac000000)]
  0x000001b87e24d000 JavaThread "Reference Handler" daemon [_thread_blocked, id=48580, stack(0x00000065ac600000,0x00000065ac700000)]
  0x000001b87e24e000 JavaThread "Finalizer" daemon [_thread_blocked, id=82536, stack(0x00000065ac700000,0x00000065ac800000)]
  0x000001b87eb92800 JavaThread "Signal Dispatcher" daemon [_thread_blocked, id=82884, stack(0x00000065ac800000,0x00000065ac900000)]
  0x000001b87eb93800 JavaThread "Attach Listener" daemon [_thread_blocked, id=30904, stack(0x00000065ac900000,0x00000065aca00000)]
=>0x000001b87eb95800 JavaThread "C2 CompilerThread0" daemon [_thread_in_native, id=81020, stack(0x00000065aca00000,0x00000065acb00000)]
  0x000001b87eb98800 JavaThread "C1 CompilerThread0" daemon [_thread_in_native, id=55120, stack(0x00000065acb00000,0x00000065acc00000)]
  0x000001b87ebfd800 JavaThread "Sweeper thread" daemon [_thread_blocked, id=81444, stack(0x00000065acc00000,0x00000065acd00000)]
  0x000001b87ecb5000 JavaThread "Common-Cleaner" daemon [_thread_blocked, id=54152, stack(0x00000065acd00000,0x00000065ace00000)]
  0x000001b87ed40800 JavaThread "Monitor Ctrl-Break" daemon [_thread_in_native, id=71096, stack(0x00000065ace00000,0x00000065acf00000)]
  0x000001b87ed41800 JavaThread "Service Thread" daemon [_thread_blocked, id=63632, stack(0x00000065acf00000,0x00000065ad000000)]
  0x000001b82793f800 JavaThread "C2 CompilerThread1" daemon [_thread_in_native, id=62864, stack(0x00000065ad100000,0x00000065ad200000)]

Other Threads:
  0x000001b87e249800 VMThread "VM Thread" [stack: 0x00000065ac500000,0x00000065ac600000] [id=51560]
  0x000001b87ed42000 WatcherThread [stack: 0x00000065ad000000,0x00000065ad100000] [id=26672]
  0x000001b876b9a000 GCTaskThread "GC Thread#0" [stack: 0x00000065ac000000,0x00000065ac100000] [id=74396]
  0x000001b8272cf000 GCTaskThread "GC Thread#1" [stack: 0x00000065ad200000,0x00000065ad300000] [id=58000]
  0x000001b8274ab800 GCTaskThread "GC Thread#2" [stack: 0x00000065ad300000,0x00000065ad400000] [id=74800]
  0x000001b8274ac800 GCTaskThread "GC Thread#3" [stack: 0x00000065ad400000,0x00000065ad500000] [id=65420]
  0x000001b876b9b800 ConcurrentGCThread "G1 Main Marker" [stack: 0x00000065ac100000,0x00000065ac200000] [id=76316]
  0x000001b878d3a000 ConcurrentGCThread "G1 Conc#0" [stack: 0x00000065ac200000,0x00000065ac300000] [id=67864]
  0x000001b87e1de800 ConcurrentGCThread "G1 Refine#0" [stack: 0x00000065ac300000,0x00000065ac400000] [id=43088]
  0x000001b87e1df800 ConcurrentGCThread "G1 Young RemSet Sampling" [stack: 0x00000065ac400000,0x00000065ac500000] [id=59052]

Threads with active compile tasks:
C2 CompilerThread0  2643       4       org.eclipse.sisu.plexus.RealmFilteredBeans$FilteredItr::hasNext (81 bytes)
C1 CompilerThread0  2697       3       org.apache.maven.model.validation.DefaultModelValidator::validateEffectiveDependency (732 bytes)
C2 CompilerThread1  2702   !   4       java.nio.charset.CharsetDecoder::decode (287 bytes)

VM state:not at safepoint (normal execution)

VM Mutex/Monitor currently owned by a thread: None

Heap address: 0x0000000602000000, size: 8160 MB, Compressed Oops mode: Zero based, Oop shift amount: 3
Narrow klass base: 0x0000000800000000, Narrow klass shift: 3
Compressed class space size: 1073741824 Address: 0x00000008011a0000

Heap:
 garbage-first heap   total 522240K, used 22105K [0x0000000602000000, 0x0000000800000000)
  region size 2048K, 10 young (20480K), 2 survivors (4096K)
 Metaspace       used 13803K, capacity 14869K, committed 15104K, reserved 1062912K
  class space    used 1596K, capacity 1772K, committed 1792K, reserved 1048576K
Heap Regions: E=young(eden), S=young(survivor), O=old, HS=humongous(starts), HC=humongous(continues), CS=collection set, F=free, A=archive, TAMS=top-at-mark-start (previous, next)
|   0|0x0000000602000000, 0x0000000602200000, 0x0000000602200000|100%| O|  |TAMS 0x0000000602000000, 0x0000000602000000| Untracked 
|   1|0x0000000602200000, 0x00000006023d2c00, 0x0000000602400000| 91%| O|  |TAMS 0x0000000602200000, 0x0000000602200000| Untracked 
|   2|0x0000000602400000, 0x0000000602400000, 0x0000000602600000|  0%| F|  |TAMS 0x0000000602400000, 0x0000000602400000| Untracked 
|   3|0x0000000602600000, 0x0000000602600000, 0x0000000602800000|  0%| F|  |TAMS 0x0000000602600000, 0x0000000602600000| Untracked 
|   4|0x0000000602800000, 0x0000000602800000, 0x0000000602a00000|  0%| F|  |TAMS 0x0000000602800000, 0x0000000602800000| Untracked 
|   5|0x0000000602a00000, 0x0000000602a00000, 0x0000000602c00000|  0%| F|  |TAMS 0x0000000602a00000, 0x0000000602a00000| Untracked 
|   6|0x0000000602c00000, 0x0000000602c00000, 0x0000000602e00000|  0%| F|  |TAMS 0x0000000602c00000, 0x0000000602c00000| Untracked 
|   7|0x0000000602e00000, 0x0000000602e00000, 0x0000000603000000|  0%| F|  |TAMS 0x0000000602e00000, 0x0000000602e00000| Untracked 
|   8|0x0000000603000000, 0x0000000603000000, 0x0000000603200000|  0%| F|  |TAMS 0x0000000603000000, 0x0000000603000000| Untracked 
|   9|0x0000000603200000, 0x0000000603200000, 0x0000000603400000|  0%| F|  |TAMS 0x0000000603200000, 0x0000000603200000| Untracked 
|  10|0x0000000603400000, 0x0000000603400000, 0x0000000603600000|  0%| F|  |TAMS 0x0000000603400000, 0x0000000603400000| Untracked 
|  11|0x0000000603600000, 0x0000000603600000, 0x0000000603800000|  0%| F|  |TAMS 0x0000000603600000, 0x0000000603600000| Untracked 
|  12|0x0000000603800000, 0x0000000603800000, 0x0000000603a00000|  0%| F|  |TAMS 0x0000000603800000, 0x0000000603800000| Untracked 
|  13|0x0000000603a00000, 0x0000000603a00000, 0x0000000603c00000|  0%| F|  |TAMS 0x0000000603a00000, 0x0000000603a00000| Untracked 
|  14|0x0000000603c00000, 0x0000000603c00000, 0x0000000603e00000|  0%| F|  |TAMS 0x0000000603c00000, 0x0000000603c00000| Untracked 
|  15|0x0000000603e00000, 0x0000000603e00000, 0x0000000604000000|  0%| F|  |TAMS 0x0000000603e00000, 0x0000000603e00000| Untracked 
|  16|0x0000000604000000, 0x0000000604000000, 0x0000000604200000|  0%| F|  |TAMS 0x0000000604000000, 0x0000000604000000| Untracked 
|  17|0x0000000604200000, 0x0000000604200000, 0x0000000604400000|  0%| F|  |TAMS 0x0000000604200000, 0x0000000604200000| Untracked 
|  18|0x0000000604400000, 0x0000000604400000, 0x0000000604600000|  0%| F|  |TAMS 0x0000000604400000, 0x0000000604400000| Untracked 
|  19|0x0000000604600000, 0x0000000604600000, 0x0000000604800000|  0%| F|  |TAMS 0x0000000604600000, 0x0000000604600000| Untracked 
|  20|0x0000000604800000, 0x0000000604800000, 0x0000000604a00000|  0%| F|  |TAMS 0x0000000604800000, 0x0000000604800000| Untracked 
|  21|0x0000000604a00000, 0x0000000604a00000, 0x0000000604c00000|  0%| F|  |TAMS 0x0000000604a00000, 0x0000000604a00000| Untracked 
|  22|0x0000000604c00000, 0x0000000604c00000, 0x0000000604e00000|  0%| F|  |TAMS 0x0000000604c00000, 0x0000000604c00000| Untracked 
|  23|0x0000000604e00000, 0x0000000604e00000, 0x0000000605000000|  0%| F|  |TAMS 0x0000000604e00000, 0x0000000604e00000| Untracked 
|  24|0x0000000605000000, 0x0000000605000000, 0x0000000605200000|  0%| F|  |TAMS 0x0000000605000000, 0x0000000605000000| Untracked 
|  25|0x0000000605200000, 0x0000000605200000, 0x0000000605400000|  0%| F|  |TAMS 0x0000000605200000, 0x0000000605200000| Untracked 
|  26|0x0000000605400000, 0x0000000605400000, 0x0000000605600000|  0%| F|  |TAMS 0x0000000605400000, 0x0000000605400000| Untracked 
|  27|0x0000000605600000, 0x0000000605600000, 0x0000000605800000|  0%| F|  |TAMS 0x0000000605600000, 0x0000000605600000| Untracked 
|  28|0x0000000605800000, 0x0000000605800000, 0x0000000605a00000|  0%| F|  |TAMS 0x0000000605800000, 0x0000000605800000| Untracked 
|  29|0x0000000605a00000, 0x0000000605a00000, 0x0000000605c00000|  0%| F|  |TAMS 0x0000000605a00000, 0x0000000605a00000| Untracked 
|  30|0x0000000605c00000, 0x0000000605c00000, 0x0000000605e00000|  0%| F|  |TAMS 0x0000000605c00000, 0x0000000605c00000| Untracked 
|  31|0x0000000605e00000, 0x0000000605e00000, 0x0000000606000000|  0%| F|  |TAMS 0x0000000605e00000, 0x0000000605e00000| Untracked 
|  32|0x0000000606000000, 0x0000000606000000, 0x0000000606200000|  0%| F|  |TAMS 0x0000000606000000, 0x0000000606000000| Untracked 
|  33|0x0000000606200000, 0x0000000606200000, 0x0000000606400000|  0%| F|  |TAMS 0x0000000606200000, 0x0000000606200000| Untracked 
|  34|0x0000000606400000, 0x0000000606400000, 0x0000000606600000|  0%| F|  |TAMS 0x0000000606400000, 0x0000000606400000| Untracked 
|  35|0x0000000606600000, 0x0000000606600000, 0x0000000606800000|  0%| F|  |TAMS 0x0000000606600000, 0x0000000606600000| Untracked 
|  36|0x0000000606800000, 0x0000000606800000, 0x0000000606a00000|  0%| F|  |TAMS 0x0000000606800000, 0x0000000606800000| Untracked 
|  37|0x0000000606a00000, 0x0000000606a00000, 0x0000000606c00000|  0%| F|  |TAMS 0x0000000606a00000, 0x0000000606a00000| Untracked 
|  38|0x0000000606c00000, 0x0000000606c00000, 0x0000000606e00000|  0%| F|  |TAMS 0x0000000606c00000, 0x0000000606c00000| Untracked 
|  39|0x0000000606e00000, 0x0000000606e00000, 0x0000000607000000|  0%| F|  |TAMS 0x0000000606e00000, 0x0000000606e00000| Untracked 
|  40|0x0000000607000000, 0x0000000607000000, 0x0000000607200000|  0%| F|  |TAMS 0x0000000607000000, 0x0000000607000000| Untracked 
|  41|0x0000000607200000, 0x0000000607200000, 0x0000000607400000|  0%| F|  |TAMS 0x0000000607200000, 0x0000000607200000| Untracked 
|  42|0x0000000607400000, 0x0000000607400000, 0x0000000607600000|  0%| F|  |TAMS 0x0000000607400000, 0x0000000607400000| Untracked 
|  43|0x0000000607600000, 0x0000000607600000, 0x0000000607800000|  0%| F|  |TAMS 0x0000000607600000, 0x0000000607600000| Untracked 
|  44|0x0000000607800000, 0x0000000607800000, 0x0000000607a00000|  0%| F|  |TAMS 0x0000000607800000, 0x0000000607800000| Untracked 
|  45|0x0000000607a00000, 0x0000000607a00000, 0x0000000607c00000|  0%| F|  |TAMS 0x0000000607a00000, 0x0000000607a00000| Untracked 
|  46|0x0000000607c00000, 0x0000000607c00000, 0x0000000607e00000|  0%| F|  |TAMS 0x0000000607c00000, 0x0000000607c00000| Untracked 
|  47|0x0000000607e00000, 0x0000000607e00000, 0x0000000608000000|  0%| F|  |TAMS 0x0000000607e00000, 0x0000000607e00000| Untracked 
|  48|0x0000000608000000, 0x0000000608000000, 0x0000000608200000|  0%| F|  |TAMS 0x0000000608000000, 0x0000000608000000| Untracked 
|  49|0x0000000608200000, 0x0000000608200000, 0x0000000608400000|  0%| F|  |TAMS 0x0000000608200000, 0x0000000608200000| Untracked 
|  50|0x0000000608400000, 0x0000000608400000, 0x0000000608600000|  0%| F|  |TAMS 0x0000000608400000, 0x0000000608400000| Untracked 
|  51|0x0000000608600000, 0x0000000608600000, 0x0000000608800000|  0%| F|  |TAMS 0x0000000608600000, 0x0000000608600000| Untracked 
|  52|0x0000000608800000, 0x0000000608800000, 0x0000000608a00000|  0%| F|  |TAMS 0x0000000608800000, 0x0000000608800000| Untracked 
|  53|0x0000000608a00000, 0x0000000608a00000, 0x0000000608c00000|  0%| F|  |TAMS 0x0000000608a00000, 0x0000000608a00000| Untracked 
|  54|0x0000000608c00000, 0x0000000608c00000, 0x0000000608e00000|  0%| F|  |TAMS 0x0000000608c00000, 0x0000000608c00000| Untracked 
|  55|0x0000000608e00000, 0x0000000608e00000, 0x0000000609000000|  0%| F|  |TAMS 0x0000000608e00000, 0x0000000608e00000| Untracked 
|  56|0x0000000609000000, 0x0000000609000000, 0x0000000609200000|  0%| F|  |TAMS 0x0000000609000000, 0x0000000609000000| Untracked 
|  57|0x0000000609200000, 0x0000000609200000, 0x0000000609400000|  0%| F|  |TAMS 0x0000000609200000, 0x0000000609200000| Untracked 
|  58|0x0000000609400000, 0x0000000609400000, 0x0000000609600000|  0%| F|  |TAMS 0x0000000609400000, 0x0000000609400000| Untracked 
|  59|0x0000000609600000, 0x0000000609600000, 0x0000000609800000|  0%| F|  |TAMS 0x0000000609600000, 0x0000000609600000| Untracked 
|  60|0x0000000609800000, 0x0000000609800000, 0x0000000609a00000|  0%| F|  |TAMS 0x0000000609800000, 0x0000000609800000| Untracked 
|  61|0x0000000609a00000, 0x0000000609a00000, 0x0000000609c00000|  0%| F|  |TAMS 0x0000000609a00000, 0x0000000609a00000| Untracked 
|  62|0x0000000609c00000, 0x0000000609c00000, 0x0000000609e00000|  0%| F|  |TAMS 0x0000000609c00000, 0x0000000609c00000| Untracked 
|  63|0x0000000609e00000, 0x0000000609e00000, 0x000000060a000000|  0%| F|  |TAMS 0x0000000609e00000, 0x0000000609e00000| Untracked 
|  64|0x000000060a000000, 0x000000060a000000, 0x000000060a200000|  0%| F|  |TAMS 0x000000060a000000, 0x000000060a000000| Untracked 
|  65|0x000000060a200000, 0x000000060a200000, 0x000000060a400000|  0%| F|  |TAMS 0x000000060a200000, 0x000000060a200000| Untracked 
|  66|0x000000060a400000, 0x000000060a400000, 0x000000060a600000|  0%| F|  |TAMS 0x000000060a400000, 0x000000060a400000| Untracked 
|  67|0x000000060a600000, 0x000000060a600000, 0x000000060a800000|  0%| F|  |TAMS 0x000000060a600000, 0x000000060a600000| Untracked 
|  68|0x000000060a800000, 0x000000060a800000, 0x000000060aa00000|  0%| F|  |TAMS 0x000000060a800000, 0x000000060a800000| Untracked 
|  69|0x000000060aa00000, 0x000000060aa00000, 0x000000060ac00000|  0%| F|  |TAMS 0x000000060aa00000, 0x000000060aa00000| Untracked 
|  70|0x000000060ac00000, 0x000000060ac00000, 0x000000060ae00000|  0%| F|  |TAMS 0x000000060ac00000, 0x000000060ac00000| Untracked 
|  71|0x000000060ae00000, 0x000000060ae00000, 0x000000060b000000|  0%| F|  |TAMS 0x000000060ae00000, 0x000000060ae00000| Untracked 
|  72|0x000000060b000000, 0x000000060b000000, 0x000000060b200000|  0%| F|  |TAMS 0x000000060b000000, 0x000000060b000000| Untracked 
|  73|0x000000060b200000, 0x000000060b200000, 0x000000060b400000|  0%| F|  |TAMS 0x000000060b200000, 0x000000060b200000| Untracked 
|  74|0x000000060b400000, 0x000000060b400000, 0x000000060b600000|  0%| F|  |TAMS 0x000000060b400000, 0x000000060b400000| Untracked 
|  75|0x000000060b600000, 0x000000060b600000, 0x000000060b800000|  0%| F|  |TAMS 0x000000060b600000, 0x000000060b600000| Untracked 
|  76|0x000000060b800000, 0x000000060b800000, 0x000000060ba00000|  0%| F|  |TAMS 0x000000060b800000, 0x000000060b800000| Untracked 
|  77|0x000000060ba00000, 0x000000060ba00000, 0x000000060bc00000|  0%| F|  |TAMS 0x000000060ba00000, 0x000000060ba00000| Untracked 
|  78|0x000000060bc00000, 0x000000060bc00000, 0x000000060be00000|  0%| F|  |TAMS 0x000000060bc00000, 0x000000060bc00000| Untracked 
|  79|0x000000060be00000, 0x000000060be00000, 0x000000060c000000|  0%| F|  |TAMS 0x000000060be00000, 0x000000060be00000| Untracked 
|  80|0x000000060c000000, 0x000000060c000000, 0x000000060c200000|  0%| F|  |TAMS 0x000000060c000000, 0x000000060c000000| Untracked 
|  81|0x000000060c200000, 0x000000060c200000, 0x000000060c400000|  0%| F|  |TAMS 0x000000060c200000, 0x000000060c200000| Untracked 
|  82|0x000000060c400000, 0x000000060c400000, 0x000000060c600000|  0%| F|  |TAMS 0x000000060c400000, 0x000000060c400000| Untracked 
|  83|0x000000060c600000, 0x000000060c600000, 0x000000060c800000|  0%| F|  |TAMS 0x000000060c600000, 0x000000060c600000| Untracked 
|  84|0x000000060c800000, 0x000000060c800000, 0x000000060ca00000|  0%| F|  |TAMS 0x000000060c800000, 0x000000060c800000| Untracked 
|  85|0x000000060ca00000, 0x000000060ca00000, 0x000000060cc00000|  0%| F|  |TAMS 0x000000060ca00000, 0x000000060ca00000| Untracked 
|  86|0x000000060cc00000, 0x000000060cc00000, 0x000000060ce00000|  0%| F|  |TAMS 0x000000060cc00000, 0x000000060cc00000| Untracked 
|  87|0x000000060ce00000, 0x000000060ce00000, 0x000000060d000000|  0%| F|  |TAMS 0x000000060ce00000, 0x000000060ce00000| Untracked 
|  88|0x000000060d000000, 0x000000060d000000, 0x000000060d200000|  0%| F|  |TAMS 0x000000060d000000, 0x000000060d000000| Untracked 
|  89|0x000000060d200000, 0x000000060d200000, 0x000000060d400000|  0%| F|  |TAMS 0x000000060d200000, 0x000000060d200000| Untracked 
|  90|0x000000060d400000, 0x000000060d400000, 0x000000060d600000|  0%| F|  |TAMS 0x000000060d400000, 0x000000060d400000| Untracked 
|  91|0x000000060d600000, 0x000000060d600000, 0x000000060d800000|  0%| F|  |TAMS 0x000000060d600000, 0x000000060d600000| Untracked 
|  92|0x000000060d800000, 0x000000060d800000, 0x000000060da00000|  0%| F|  |TAMS 0x000000060d800000, 0x000000060d800000| Untracked 
|  93|0x000000060da00000, 0x000000060da00000, 0x000000060dc00000|  0%| F|  |TAMS 0x000000060da00000, 0x000000060da00000| Untracked 
|  94|0x000000060dc00000, 0x000000060dc00000, 0x000000060de00000|  0%| F|  |TAMS 0x000000060dc00000, 0x000000060dc00000| Untracked 
|  95|0x000000060de00000, 0x000000060de00000, 0x000000060e000000|  0%| F|  |TAMS 0x000000060de00000, 0x000000060de00000| Untracked 
|  96|0x000000060e000000, 0x000000060e000000, 0x000000060e200000|  0%| F|  |TAMS 0x000000060e000000, 0x000000060e000000| Untracked 
|  97|0x000000060e200000, 0x000000060e200000, 0x000000060e400000|  0%| F|  |TAMS 0x000000060e200000, 0x000000060e200000| Untracked 
|  98|0x000000060e400000, 0x000000060e400000, 0x000000060e600000|  0%| F|  |TAMS 0x000000060e400000, 0x000000060e400000| Untracked 
|  99|0x000000060e600000, 0x000000060e600000, 0x000000060e800000|  0%| F|  |TAMS 0x000000060e600000, 0x000000060e600000| Untracked 
| 100|0x000000060e800000, 0x000000060e800000, 0x000000060ea00000|  0%| F|  |TAMS 0x000000060e800000, 0x000000060e800000| Untracked 
| 101|0x000000060ea00000, 0x000000060ea00000, 0x000000060ec00000|  0%| F|  |TAMS 0x000000060ea00000, 0x000000060ea00000| Untracked 
| 102|0x000000060ec00000, 0x000000060ec00000, 0x000000060ee00000|  0%| F|  |TAMS 0x000000060ec00000, 0x000000060ec00000| Untracked 
| 103|0x000000060ee00000, 0x000000060ee00000, 0x000000060f000000|  0%| F|  |TAMS 0x000000060ee00000, 0x000000060ee00000| Untracked 
| 104|0x000000060f000000, 0x000000060f000000, 0x000000060f200000|  0%| F|  |TAMS 0x000000060f000000, 0x000000060f000000| Untracked 
| 105|0x000000060f200000, 0x000000060f200000, 0x000000060f400000|  0%| F|  |TAMS 0x000000060f200000, 0x000000060f200000| Untracked 
| 106|0x000000060f400000, 0x000000060f400000, 0x000000060f600000|  0%| F|  |TAMS 0x000000060f400000, 0x000000060f400000| Untracked 
| 107|0x000000060f600000, 0x000000060f600000, 0x000000060f800000|  0%| F|  |TAMS 0x000000060f600000, 0x000000060f600000| Untracked 
| 108|0x000000060f800000, 0x000000060f800000, 0x000000060fa00000|  0%| F|  |TAMS 0x000000060f800000, 0x000000060f800000| Untracked 
| 109|0x000000060fa00000, 0x000000060fa00000, 0x000000060fc00000|  0%| F|  |TAMS 0x000000060fa00000, 0x000000060fa00000| Untracked 
| 110|0x000000060fc00000, 0x000000060fc00000, 0x000000060fe00000|  0%| F|  |TAMS 0x000000060fc00000, 0x000000060fc00000| Untracked 
| 111|0x000000060fe00000, 0x000000060fe00000, 0x0000000610000000|  0%| F|  |TAMS 0x000000060fe00000, 0x000000060fe00000| Untracked 
| 112|0x0000000610000000, 0x0000000610000000, 0x0000000610200000|  0%| F|  |TAMS 0x0000000610000000, 0x0000000610000000| Untracked 
| 113|0x0000000610200000, 0x0000000610200000, 0x0000000610400000|  0%| F|  |TAMS 0x0000000610200000, 0x0000000610200000| Untracked 
| 114|0x0000000610400000, 0x0000000610400000, 0x0000000610600000|  0%| F|  |TAMS 0x0000000610400000, 0x0000000610400000| Untracked 
| 115|0x0000000610600000, 0x0000000610600000, 0x0000000610800000|  0%| F|  |TAMS 0x0000000610600000, 0x0000000610600000| Untracked 
| 116|0x0000000610800000, 0x0000000610800000, 0x0000000610a00000|  0%| F|  |TAMS 0x0000000610800000, 0x0000000610800000| Untracked 
| 117|0x0000000610a00000, 0x0000000610a00000, 0x0000000610c00000|  0%| F|  |TAMS 0x0000000610a00000, 0x0000000610a00000| Untracked 
| 118|0x0000000610c00000, 0x0000000610c00000, 0x0000000610e00000|  0%| F|  |TAMS 0x0000000610c00000, 0x0000000610c00000| Untracked 
| 119|0x0000000610e00000, 0x0000000610e00000, 0x0000000611000000|  0%| F|  |TAMS 0x0000000610e00000, 0x0000000610e00000| Untracked 
| 120|0x0000000611000000, 0x0000000611000000, 0x0000000611200000|  0%| F|  |TAMS 0x0000000611000000, 0x0000000611000000| Untracked 
| 121|0x0000000611200000, 0x0000000611200000, 0x0000000611400000|  0%| F|  |TAMS 0x0000000611200000, 0x0000000611200000| Untracked 
| 122|0x0000000611400000, 0x0000000611400000, 0x0000000611600000|  0%| F|  |TAMS 0x0000000611400000, 0x0000000611400000| Untracked 
| 123|0x0000000611600000, 0x0000000611600000, 0x0000000611800000|  0%| F|  |TAMS 0x0000000611600000, 0x0000000611600000| Untracked 
| 124|0x0000000611800000, 0x0000000611800000, 0x0000000611a00000|  0%| F|  |TAMS 0x0000000611800000, 0x0000000611800000| Untracked 
| 125|0x0000000611a00000, 0x0000000611a00000, 0x0000000611c00000|  0%| F|  |TAMS 0x0000000611a00000, 0x0000000611a00000| Untracked 
| 126|0x0000000611c00000, 0x0000000611c00000, 0x0000000611e00000|  0%| F|  |TAMS 0x0000000611c00000, 0x0000000611c00000| Untracked 
| 127|0x0000000611e00000, 0x0000000611e00000, 0x0000000612000000|  0%| F|  |TAMS 0x0000000611e00000, 0x0000000611e00000| Untracked 
| 128|0x0000000612000000, 0x0000000612000000, 0x0000000612200000|  0%| F|  |TAMS 0x0000000612000000, 0x0000000612000000| Untracked 
| 129|0x0000000612200000, 0x0000000612200000, 0x0000000612400000|  0%| F|  |TAMS 0x0000000612200000, 0x0000000612200000| Untracked 
| 130|0x0000000612400000, 0x0000000612400000, 0x0000000612600000|  0%| F|  |TAMS 0x0000000612400000, 0x0000000612400000| Untracked 
| 131|0x0000000612600000, 0x0000000612600000, 0x0000000612800000|  0%| F|  |TAMS 0x0000000612600000, 0x0000000612600000| Untracked 
| 132|0x0000000612800000, 0x0000000612800000, 0x0000000612a00000|  0%| F|  |TAMS 0x0000000612800000, 0x0000000612800000| Untracked 
| 133|0x0000000612a00000, 0x0000000612a00000, 0x0000000612c00000|  0%| F|  |TAMS 0x0000000612a00000, 0x0000000612a00000| Untracked 
| 134|0x0000000612c00000, 0x0000000612c00000, 0x0000000612e00000|  0%| F|  |TAMS 0x0000000612c00000, 0x0000000612c00000| Untracked 
| 135|0x0000000612e00000, 0x0000000612e00000, 0x0000000613000000|  0%| F|  |TAMS 0x0000000612e00000, 0x0000000612e00000| Untracked 
| 136|0x0000000613000000, 0x0000000613000000, 0x0000000613200000|  0%| F|  |TAMS 0x0000000613000000, 0x0000000613000000| Untracked 
| 137|0x0000000613200000, 0x0000000613200000, 0x0000000613400000|  0%| F|  |TAMS 0x0000000613200000, 0x0000000613200000| Untracked 
| 138|0x0000000613400000, 0x0000000613400000, 0x0000000613600000|  0%| F|  |TAMS 0x0000000613400000, 0x0000000613400000| Untracked 
| 139|0x0000000613600000, 0x0000000613600000, 0x0000000613800000|  0%| F|  |TAMS 0x0000000613600000, 0x0000000613600000| Untracked 
| 140|0x0000000613800000, 0x0000000613800000, 0x0000000613a00000|  0%| F|  |TAMS 0x0000000613800000, 0x0000000613800000| Untracked 
| 141|0x0000000613a00000, 0x0000000613a00000, 0x0000000613c00000|  0%| F|  |TAMS 0x0000000613a00000, 0x0000000613a00000| Untracked 
| 142|0x0000000613c00000, 0x0000000613c00000, 0x0000000613e00000|  0%| F|  |TAMS 0x0000000613c00000, 0x0000000613c00000| Untracked 
| 143|0x0000000613e00000, 0x0000000613e00000, 0x0000000614000000|  0%| F|  |TAMS 0x0000000613e00000, 0x0000000613e00000| Untracked 
| 144|0x0000000614000000, 0x0000000614000000, 0x0000000614200000|  0%| F|  |TAMS 0x0000000614000000, 0x0000000614000000| Untracked 
| 145|0x0000000614200000, 0x0000000614200000, 0x0000000614400000|  0%| F|  |TAMS 0x0000000614200000, 0x0000000614200000| Untracked 
| 146|0x0000000614400000, 0x0000000614400000, 0x0000000614600000|  0%| F|  |TAMS 0x0000000614400000, 0x0000000614400000| Untracked 
| 147|0x0000000614600000, 0x0000000614600000, 0x0000000614800000|  0%| F|  |TAMS 0x0000000614600000, 0x0000000614600000| Untracked 
| 148|0x0000000614800000, 0x0000000614800000, 0x0000000614a00000|  0%| F|  |TAMS 0x0000000614800000, 0x0000000614800000| Untracked 
| 149|0x0000000614a00000, 0x0000000614a00000, 0x0000000614c00000|  0%| F|  |TAMS 0x0000000614a00000, 0x0000000614a00000| Untracked 
| 150|0x0000000614c00000, 0x0000000614c00000, 0x0000000614e00000|  0%| F|  |TAMS 0x0000000614c00000, 0x0000000614c00000| Untracked 
| 151|0x0000000614e00000, 0x0000000614e00000, 0x0000000615000000|  0%| F|  |TAMS 0x0000000614e00000, 0x0000000614e00000| Untracked 
| 152|0x0000000615000000, 0x0000000615000000, 0x0000000615200000|  0%| F|  |TAMS 0x0000000615000000, 0x0000000615000000| Untracked 
| 153|0x0000000615200000, 0x0000000615200000, 0x0000000615400000|  0%| F|  |TAMS 0x0000000615200000, 0x0000000615200000| Untracked 
| 154|0x0000000615400000, 0x0000000615400000, 0x0000000615600000|  0%| F|  |TAMS 0x0000000615400000, 0x0000000615400000| Untracked 
| 155|0x0000000615600000, 0x0000000615600000, 0x0000000615800000|  0%| F|  |TAMS 0x0000000615600000, 0x0000000615600000| Untracked 
| 156|0x0000000615800000, 0x0000000615800000, 0x0000000615a00000|  0%| F|  |TAMS 0x0000000615800000, 0x0000000615800000| Untracked 
| 157|0x0000000615a00000, 0x0000000615a00000, 0x0000000615c00000|  0%| F|  |TAMS 0x0000000615a00000, 0x0000000615a00000| Untracked 
| 158|0x0000000615c00000, 0x0000000615c00000, 0x0000000615e00000|  0%| F|  |TAMS 0x0000000615c00000, 0x0000000615c00000| Untracked 
| 159|0x0000000615e00000, 0x0000000615e00000, 0x0000000616000000|  0%| F|  |TAMS 0x0000000615e00000, 0x0000000615e00000| Untracked 
| 160|0x0000000616000000, 0x0000000616000000, 0x0000000616200000|  0%| F|  |TAMS 0x0000000616000000, 0x0000000616000000| Untracked 
| 161|0x0000000616200000, 0x0000000616200000, 0x0000000616400000|  0%| F|  |TAMS 0x0000000616200000, 0x0000000616200000| Untracked 
| 162|0x0000000616400000, 0x0000000616400000, 0x0000000616600000|  0%| F|  |TAMS 0x0000000616400000, 0x0000000616400000| Untracked 
| 163|0x0000000616600000, 0x0000000616600000, 0x0000000616800000|  0%| F|  |TAMS 0x0000000616600000, 0x0000000616600000| Untracked 
| 164|0x0000000616800000, 0x0000000616800000, 0x0000000616a00000|  0%| F|  |TAMS 0x0000000616800000, 0x0000000616800000| Untracked 
| 165|0x0000000616a00000, 0x0000000616a00000, 0x0000000616c00000|  0%| F|  |TAMS 0x0000000616a00000, 0x0000000616a00000| Untracked 
| 166|0x0000000616c00000, 0x0000000616c00000, 0x0000000616e00000|  0%| F|  |TAMS 0x0000000616c00000, 0x0000000616c00000| Untracked 
| 167|0x0000000616e00000, 0x0000000616e00000, 0x0000000617000000|  0%| F|  |TAMS 0x0000000616e00000, 0x0000000616e00000| Untracked 
| 168|0x0000000617000000, 0x0000000617000000, 0x0000000617200000|  0%| F|  |TAMS 0x0000000617000000, 0x0000000617000000| Untracked 
| 169|0x0000000617200000, 0x0000000617200000, 0x0000000617400000|  0%| F|  |TAMS 0x0000000617200000, 0x0000000617200000| Untracked 
| 170|0x0000000617400000, 0x0000000617400000, 0x0000000617600000|  0%| F|  |TAMS 0x0000000617400000, 0x0000000617400000| Untracked 
| 171|0x0000000617600000, 0x0000000617600000, 0x0000000617800000|  0%| F|  |TAMS 0x0000000617600000, 0x0000000617600000| Untracked 
| 172|0x0000000617800000, 0x0000000617800000, 0x0000000617a00000|  0%| F|  |TAMS 0x0000000617800000, 0x0000000617800000| Untracked 
| 173|0x0000000617a00000, 0x0000000617a00000, 0x0000000617c00000|  0%| F|  |TAMS 0x0000000617a00000, 0x0000000617a00000| Untracked 
| 174|0x0000000617c00000, 0x0000000617c00000, 0x0000000617e00000|  0%| F|  |TAMS 0x0000000617c00000, 0x0000000617c00000| Untracked 
| 175|0x0000000617e00000, 0x0000000617e00000, 0x0000000618000000|  0%| F|  |TAMS 0x0000000617e00000, 0x0000000617e00000| Untracked 
| 176|0x0000000618000000, 0x0000000618000000, 0x0000000618200000|  0%| F|  |TAMS 0x0000000618000000, 0x0000000618000000| Untracked 
| 177|0x0000000618200000, 0x0000000618200000, 0x0000000618400000|  0%| F|  |TAMS 0x0000000618200000, 0x0000000618200000| Untracked 
| 178|0x0000000618400000, 0x0000000618400000, 0x0000000618600000|  0%| F|  |TAMS 0x0000000618400000, 0x0000000618400000| Untracked 
| 179|0x0000000618600000, 0x0000000618600000, 0x0000000618800000|  0%| F|  |TAMS 0x0000000618600000, 0x0000000618600000| Untracked 
| 180|0x0000000618800000, 0x0000000618800000, 0x0000000618a00000|  0%| F|  |TAMS 0x0000000618800000, 0x0000000618800000| Untracked 
| 181|0x0000000618a00000, 0x0000000618a00000, 0x0000000618c00000|  0%| F|  |TAMS 0x0000000618a00000, 0x0000000618a00000| Untracked 
| 182|0x0000000618c00000, 0x0000000618c00000, 0x0000000618e00000|  0%| F|  |TAMS 0x0000000618c00000, 0x0000000618c00000| Untracked 
| 183|0x0000000618e00000, 0x0000000618e00000, 0x0000000619000000|  0%| F|  |TAMS 0x0000000618e00000, 0x0000000618e00000| Untracked 
| 184|0x0000000619000000, 0x0000000619000000, 0x0000000619200000|  0%| F|  |TAMS 0x0000000619000000, 0x0000000619000000| Untracked 
| 185|0x0000000619200000, 0x0000000619200000, 0x0000000619400000|  0%| F|  |TAMS 0x0000000619200000, 0x0000000619200000| Untracked 
| 186|0x0000000619400000, 0x0000000619400000, 0x0000000619600000|  0%| F|  |TAMS 0x0000000619400000, 0x0000000619400000| Untracked 
| 187|0x0000000619600000, 0x0000000619600000, 0x0000000619800000|  0%| F|  |TAMS 0x0000000619600000, 0x0000000619600000| Untracked 
| 188|0x0000000619800000, 0x0000000619800000, 0x0000000619a00000|  0%| F|  |TAMS 0x0000000619800000, 0x0000000619800000| Untracked 
| 189|0x0000000619a00000, 0x0000000619a00000, 0x0000000619c00000|  0%| F|  |TAMS 0x0000000619a00000, 0x0000000619a00000| Untracked 
| 190|0x0000000619c00000, 0x0000000619c00000, 0x0000000619e00000|  0%| F|  |TAMS 0x0000000619c00000, 0x0000000619c00000| Untracked 
| 191|0x0000000619e00000, 0x0000000619e00000, 0x000000061a000000|  0%| F|  |TAMS 0x0000000619e00000, 0x0000000619e00000| Untracked 
| 192|0x000000061a000000, 0x000000061a000000, 0x000000061a200000|  0%| F|  |TAMS 0x000000061a000000, 0x000000061a000000| Untracked 
| 193|0x000000061a200000, 0x000000061a200000, 0x000000061a400000|  0%| F|  |TAMS 0x000000061a200000, 0x000000061a200000| Untracked 
| 194|0x000000061a400000, 0x000000061a400000, 0x000000061a600000|  0%| F|  |TAMS 0x000000061a400000, 0x000000061a400000| Untracked 
| 195|0x000000061a600000, 0x000000061a600000, 0x000000061a800000|  0%| F|  |TAMS 0x000000061a600000, 0x000000061a600000| Untracked 
| 196|0x000000061a800000, 0x000000061a800000, 0x000000061aa00000|  0%| F|  |TAMS 0x000000061a800000, 0x000000061a800000| Untracked 
| 197|0x000000061aa00000, 0x000000061aa00000, 0x000000061ac00000|  0%| F|  |TAMS 0x000000061aa00000, 0x000000061aa00000| Untracked 
| 198|0x000000061ac00000, 0x000000061ac00000, 0x000000061ae00000|  0%| F|  |TAMS 0x000000061ac00000, 0x000000061ac00000| Untracked 
| 199|0x000000061ae00000, 0x000000061ae00000, 0x000000061b000000|  0%| F|  |TAMS 0x000000061ae00000, 0x000000061ae00000| Untracked 
| 200|0x000000061b000000, 0x000000061b000000, 0x000000061b200000|  0%| F|  |TAMS 0x000000061b000000, 0x000000061b000000| Untracked 
| 201|0x000000061b200000, 0x000000061b200000, 0x000000061b400000|  0%| F|  |TAMS 0x000000061b200000, 0x000000061b200000| Untracked 
| 202|0x000000061b400000, 0x000000061b400000, 0x000000061b600000|  0%| F|  |TAMS 0x000000061b400000, 0x000000061b400000| Untracked 
| 203|0x000000061b600000, 0x000000061b600000, 0x000000061b800000|  0%| F|  |TAMS 0x000000061b600000, 0x000000061b600000| Untracked 
| 204|0x000000061b800000, 0x000000061b800000, 0x000000061ba00000|  0%| F|  |TAMS 0x000000061b800000, 0x000000061b800000| Untracked 
| 205|0x000000061ba00000, 0x000000061ba00000, 0x000000061bc00000|  0%| F|  |TAMS 0x000000061ba00000, 0x000000061ba00000| Untracked 
| 206|0x000000061bc00000, 0x000000061bc00000, 0x000000061be00000|  0%| F|  |TAMS 0x000000061bc00000, 0x000000061bc00000| Untracked 
| 207|0x000000061be00000, 0x000000061be00000, 0x000000061c000000|  0%| F|  |TAMS 0x000000061be00000, 0x000000061be00000| Untracked 
| 208|0x000000061c000000, 0x000000061c000000, 0x000000061c200000|  0%| F|  |TAMS 0x000000061c000000, 0x000000061c000000| Untracked 
| 209|0x000000061c200000, 0x000000061c200000, 0x000000061c400000|  0%| F|  |TAMS 0x000000061c200000, 0x000000061c200000| Untracked 
| 210|0x000000061c400000, 0x000000061c400000, 0x000000061c600000|  0%| F|  |TAMS 0x000000061c400000, 0x000000061c400000| Untracked 
| 211|0x000000061c600000, 0x000000061c600000, 0x000000061c800000|  0%| F|  |TAMS 0x000000061c600000, 0x000000061c600000| Untracked 
| 212|0x000000061c800000, 0x000000061c800000, 0x000000061ca00000|  0%| F|  |TAMS 0x000000061c800000, 0x000000061c800000| Untracked 
| 213|0x000000061ca00000, 0x000000061ca00000, 0x000000061cc00000|  0%| F|  |TAMS 0x000000061ca00000, 0x000000061ca00000| Untracked 
| 214|0x000000061cc00000, 0x000000061cc00000, 0x000000061ce00000|  0%| F|  |TAMS 0x000000061cc00000, 0x000000061cc00000| Untracked 
| 215|0x000000061ce00000, 0x000000061ce00000, 0x000000061d000000|  0%| F|  |TAMS 0x000000061ce00000, 0x000000061ce00000| Untracked 
| 216|0x000000061d000000, 0x000000061d000000, 0x000000061d200000|  0%| F|  |TAMS 0x000000061d000000, 0x000000061d000000| Untracked 
| 217|0x000000061d200000, 0x000000061d200000, 0x000000061d400000|  0%| F|  |TAMS 0x000000061d200000, 0x000000061d200000| Untracked 
| 218|0x000000061d400000, 0x000000061d400000, 0x000000061d600000|  0%| F|  |TAMS 0x000000061d400000, 0x000000061d400000| Untracked 
| 219|0x000000061d600000, 0x000000061d600000, 0x000000061d800000|  0%| F|  |TAMS 0x000000061d600000, 0x000000061d600000| Untracked 
| 220|0x000000061d800000, 0x000000061d800000, 0x000000061da00000|  0%| F|  |TAMS 0x000000061d800000, 0x000000061d800000| Untracked 
| 221|0x000000061da00000, 0x000000061da00000, 0x000000061dc00000|  0%| F|  |TAMS 0x000000061da00000, 0x000000061da00000| Untracked 
| 222|0x000000061dc00000, 0x000000061dc00000, 0x000000061de00000|  0%| F|  |TAMS 0x000000061dc00000, 0x000000061dc00000| Untracked 
| 223|0x000000061de00000, 0x000000061de00000, 0x000000061e000000|  0%| F|  |TAMS 0x000000061de00000, 0x000000061de00000| Untracked 
| 224|0x000000061e000000, 0x000000061e000000, 0x000000061e200000|  0%| F|  |TAMS 0x000000061e000000, 0x000000061e000000| Untracked 
| 225|0x000000061e200000, 0x000000061e200000, 0x000000061e400000|  0%| F|  |TAMS 0x000000061e200000, 0x000000061e200000| Untracked 
| 226|0x000000061e400000, 0x000000061e400000, 0x000000061e600000|  0%| F|  |TAMS 0x000000061e400000, 0x000000061e400000| Untracked 
| 227|0x000000061e600000, 0x000000061e600000, 0x000000061e800000|  0%| F|  |TAMS 0x000000061e600000, 0x000000061e600000| Untracked 
| 228|0x000000061e800000, 0x000000061e800000, 0x000000061ea00000|  0%| F|  |TAMS 0x000000061e800000, 0x000000061e800000| Untracked 
| 229|0x000000061ea00000, 0x000000061ea00000, 0x000000061ec00000|  0%| F|  |TAMS 0x000000061ea00000, 0x000000061ea00000| Untracked 
| 230|0x000000061ec00000, 0x000000061ec00000, 0x000000061ee00000|  0%| F|  |TAMS 0x000000061ec00000, 0x000000061ec00000| Untracked 
| 231|0x000000061ee00000, 0x000000061ee00000, 0x000000061f000000|  0%| F|  |TAMS 0x000000061ee00000, 0x000000061ee00000| Untracked 
| 232|0x000000061f000000, 0x000000061f000000, 0x000000061f200000|  0%| F|  |TAMS 0x000000061f000000, 0x000000061f000000| Untracked 
| 233|0x000000061f200000, 0x000000061f200000, 0x000000061f400000|  0%| F|  |TAMS 0x000000061f200000, 0x000000061f200000| Untracked 
| 234|0x000000061f400000, 0x000000061f5c3b90, 0x000000061f600000| 88%| S|CS|TAMS 0x000000061f400000, 0x000000061f400000| Complete 
| 235|0x000000061f600000, 0x000000061f800000, 0x000000061f800000|100%| S|CS|TAMS 0x000000061f600000, 0x000000061f600000| Complete 
| 236|0x000000061f800000, 0x000000061f800000, 0x000000061fa00000|  0%| F|  |TAMS 0x000000061f800000, 0x000000061f800000| Untracked 
| 237|0x000000061fa00000, 0x000000061fa00000, 0x000000061fc00000|  0%| F|  |TAMS 0x000000061fa00000, 0x000000061fa00000| Untracked 
| 238|0x000000061fc00000, 0x000000061fc00000, 0x000000061fe00000|  0%| F|  |TAMS 0x000000061fc00000, 0x000000061fc00000| Untracked 
| 239|0x000000061fe00000, 0x000000061fe00000, 0x0000000620000000|  0%| F|  |TAMS 0x000000061fe00000, 0x000000061fe00000| Untracked 
| 240|0x0000000620000000, 0x0000000620000000, 0x0000000620200000|  0%| F|  |TAMS 0x0000000620000000, 0x0000000620000000| Untracked 
| 241|0x0000000620200000, 0x0000000620200000, 0x0000000620400000|  0%| F|  |TAMS 0x0000000620200000, 0x0000000620200000| Untracked 
| 242|0x0000000620400000, 0x0000000620400000, 0x0000000620600000|  0%| F|  |TAMS 0x0000000620400000, 0x0000000620400000| Untracked 
| 243|0x0000000620600000, 0x0000000620600000, 0x0000000620800000|  0%| F|  |TAMS 0x0000000620600000, 0x0000000620600000| Untracked 
| 244|0x0000000620800000, 0x0000000620800000, 0x0000000620a00000|  0%| F|  |TAMS 0x0000000620800000, 0x0000000620800000| Untracked 
| 245|0x0000000620a00000, 0x0000000620a00000, 0x0000000620c00000|  0%| F|  |TAMS 0x0000000620a00000, 0x0000000620a00000| Untracked 
| 246|0x0000000620c00000, 0x0000000620c00000, 0x0000000620e00000|  0%| F|  |TAMS 0x0000000620c00000, 0x0000000620c00000| Untracked 
| 247|0x0000000620e00000, 0x0000000620ff2c00, 0x0000000621000000| 97%| E|  |TAMS 0x0000000620e00000, 0x0000000620e00000| Complete 
| 248|0x0000000621000000, 0x0000000621200000, 0x0000000621200000|100%| E|CS|TAMS 0x0000000621000000, 0x0000000621000000| Complete 
| 249|0x0000000621200000, 0x0000000621400000, 0x0000000621400000|100%| E|CS|TAMS 0x0000000621200000, 0x0000000621200000| Complete 
| 250|0x0000000621400000, 0x0000000621600000, 0x0000000621600000|100%| E|CS|TAMS 0x0000000621400000, 0x0000000621400000| Complete 
| 251|0x0000000621600000, 0x0000000621800000, 0x0000000621800000|100%| E|CS|TAMS 0x0000000621600000, 0x0000000621600000| Complete 
| 252|0x0000000621800000, 0x0000000621a00000, 0x0000000621a00000|100%| E|CS|TAMS 0x0000000621800000, 0x0000000621800000| Complete 
| 253|0x0000000621a00000, 0x0000000621c00000, 0x0000000621c00000|100%| E|CS|TAMS 0x0000000621a00000, 0x0000000621a00000| Complete 
| 254|0x0000000621c00000, 0x0000000621e00000, 0x0000000621e00000|100%| E|CS|TAMS 0x0000000621c00000, 0x0000000621c00000| Complete 

Card table byte_map: [0x000001b879d60000,0x000001b87ad50000] _byte_map_base: 0x000001b876d50000

Marking Bits (Prev, Next): (CMBitMap*) 0x000001b876b9aed8, (CMBitMap*) 0x000001b876b9af18
 Prev Bits: [0x000001b817330000, 0x000001b81f2b0000)
 Next Bits: [0x000001b81f2b0000, 0x000001b827230000)

Polling page: 0x000001b876a90000

Metaspace:

Usage:
  Non-class:     12.79 MB capacity,    11.92 MB ( 93%) used,   871.17 KB (  7%) free+waste,    18.50 KB ( <1%) overhead. 
      Class:      1.73 MB capacity,     1.56 MB ( 90%) used,   166.98 KB (  9%) free+waste,     8.44 KB ( <1%) overhead. 
       Both:     14.52 MB capacity,    13.48 MB ( 93%) used,     1.01 MB (  7%) free+waste,    26.94 KB ( <1%) overhead. 

Virtual space:
  Non-class space:       14.00 MB reserved,      13.00 MB ( 93%) committed 
      Class space:        1.00 GB reserved,       1.75 MB ( <1%) committed 
             Both:        1.01 GB reserved,      14.75 MB (  1%) committed 

Chunk freelists:
   Non-Class:  2.88 KB
       Class:  2.50 KB
        Both:  5.38 KB

CodeHeap 'non-profiled nmethods': size=120064Kb used=1442Kb max_used=1442Kb free=118621Kb
 bounds [0x000001b80fdf0000, 0x000001b810060000, 0x000001b817330000]
CodeHeap 'profiled nmethods': size=120000Kb used=5871Kb max_used=5871Kb free=114128Kb
 bounds [0x000001b8088c0000, 0x000001b808e80000, 0x000001b80fdf0000]
CodeHeap 'non-nmethods': size=5696Kb used=1137Kb max_used=1169Kb free=4559Kb
 bounds [0x000001b808330000, 0x000001b8085a0000, 0x000001b8088c0000]
 total_blobs=3816 nmethods=2696 adapters=362
 compilation: enabled
              stopped_count=0, restarted_count=0
 full_count=0

Compilation events (10 events):
Event: 5.227 Thread 0x000001b87eb98800 nmethod 2694 0x000001b80ff58390 code [0x000001b80ff58540, 0x000001b80ff58678]
Event: 5.227 Thread 0x000001b87eb98800 2695       3       java.util.regex.Pattern$Curly::match (91 bytes)
Event: 5.228 Thread 0x000001b82793f800 2698       4       java.util.Collections$UnmodifiableMap$UnmodifiableEntrySet$UnmodifiableEntry::getValue (10 bytes)
Event: 5.228 Thread 0x000001b87eb98800 nmethod 2695 0x000001b808e7ad10 code [0x000001b808e7af20, 0x000001b808e7b420]
Event: 5.228 Thread 0x000001b87eb98800 2696       3       org.apache.maven.model.merge.MavenModelMerger::getDependencyKey (5 bytes)
Event: 5.228 Thread 0x000001b87eb98800 nmethod 2696 0x000001b808e7b590 code [0x000001b808e7b760, 0x000001b808e7b930]
Event: 5.228 Thread 0x000001b87eb98800 2699       3       java.util.Collections$UnmodifiableMap::size (10 bytes)
Event: 5.228 Thread 0x000001b87eb98800 nmethod 2699 0x000001b808e7ba10 code [0x000001b808e7bbe0, 0x000001b808e7be30]
Event: 5.228 Thread 0x000001b87eb98800 2697       3       org.apache.maven.model.validation.DefaultModelValidator::validateEffectiveDependency (732 bytes)
Event: 5.229 Thread 0x000001b82793f800 nmethod 2698 0x000001b80ff58710 code [0x000001b80ff588c0, 0x000001b80ff58978]

GC Heap History (6 events):
Event: 2.915 GC heap before
{Heap before GC invocations=0 (full 0):
 garbage-first heap   total 522240K, used 24576K [0x0000000602000000, 0x0000000800000000)
  region size 2048K, 12 young (24576K), 0 survivors (0K)
 Metaspace       used 6106K, capacity 7887K, committed 8192K, reserved 1056768K
  class space    used 711K, capacity 910K, committed 1024K, reserved 1048576K
}
Event: 2.925 GC heap after
{Heap after GC invocations=1 (full 0):
 garbage-first heap   total 522240K, used 4057K [0x0000000602000000, 0x0000000800000000)
  region size 2048K, 2 young (4096K), 2 survivors (4096K)
 Metaspace       used 6106K, capacity 7887K, committed 8192K, reserved 1056768K
  class space    used 711K, capacity 910K, committed 1024K, reserved 1048576K
}
Event: 3.315 GC heap before
{Heap before GC invocations=1 (full 0):
 garbage-first heap   total 522240K, used 24537K [0x0000000602000000, 0x0000000800000000)
  region size 2048K, 12 young (24576K), 2 survivors (4096K)
 Metaspace       used 8755K, capacity 10256K, committed 10496K, reserved 1058816K
  class space    used 1037K, capacity 1208K, committed 1280K, reserved 1048576K
}
Event: 3.319 GC heap after
{Heap after GC invocations=2 (full 0):
 garbage-first heap   total 522240K, used 5206K [0x0000000602000000, 0x0000000800000000)
  region size 2048K, 1 young (2048K), 1 survivors (2048K)
 Metaspace       used 8755K, capacity 10256K, committed 10496K, reserved 1058816K
  class space    used 1037K, capacity 1208K, committed 1280K, reserved 1048576K
}
Event: 4.684 GC heap before
{Heap before GC invocations=2 (full 0):
 garbage-first heap   total 522240K, used 42070K [0x0000000602000000, 0x0000000800000000)
  region size 2048K, 19 young (38912K), 1 survivors (2048K)
 Metaspace       used 13367K, capacity 14517K, committed 14592K, reserved 1062912K
  class space    used 1557K, capacity 1740K, committed 1792K, reserved 1048576K
}
Event: 4.688 GC heap after
{Heap after GC invocations=3 (full 0):
 garbage-first heap   total 522240K, used 7769K [0x0000000602000000, 0x0000000800000000)
  region size 2048K, 2 young (4096K), 2 survivors (4096K)
 Metaspace       used 13367K, capacity 14517K, committed 14592K, reserved 1062912K
  class space    used 1557K, capacity 1740K, committed 1792K, reserved 1048576K
}

Deoptimization events (10 events):
Event: 4.922 Thread 0x000001b878ca0000 Uncommon trap: reason=intrinsic_or_type_checked_inlining action=make_not_entrant pc=0x000001b80ff3020c method=java.util.ArrayList.toArray([Ljava/lang/Object;)[Ljava/lang/Object; @ 36 c2
Event: 4.922 Thread 0x000001b878ca0000 Uncommon trap: reason=intrinsic_or_type_checked_inlining action=make_not_entrant pc=0x000001b80ff26af0 method=java.util.ArrayList.toArray([Ljava/lang/Object;)[Ljava/lang/Object; @ 36 c2
Event: 5.090 Thread 0x000001b878ca0000 Uncommon trap: reason=unstable_if action=reinterpret pc=0x000001b80fe9d2f0 method=java.util.HashMap.hash(Ljava/lang/Object;)I @ 1 c2
Event: 5.090 Thread 0x000001b878ca0000 Uncommon trap: reason=unstable_if action=reinterpret pc=0x000001b80fe232dc method=java.util.HashMap.hash(Ljava/lang/Object;)I @ 1 c2
Event: 5.091 Thread 0x000001b878ca0000 Uncommon trap: reason=unstable_if action=reinterpret pc=0x000001b80fedef74 method=java.util.HashMap.hash(Ljava/lang/Object;)I @ 1 c2
Event: 5.091 Thread 0x000001b878ca0000 Uncommon trap: reason=unstable_if action=reinterpret pc=0x000001b80fe87e24 method=java.util.HashMap.hash(Ljava/lang/Object;)I @ 1 c2
Event: 5.115 Thread 0x000001b878ca0000 Uncommon trap: reason=unstable_if action=reinterpret pc=0x000001b80fee8500 method=java.lang.StringLatin1.trim([B)Ljava/lang/String; @ 60 c2
Event: 5.125 Thread 0x000001b878ca0000 Uncommon trap: reason=predicate action=maybe_recompile pc=0x000001b80ff12e68 method=java.nio.charset.CharsetDecoder.decode(Ljava/nio/ByteBuffer;Ljava/nio/CharBuffer;Z)Ljava/nio/charset/CoderResult; @ 54 c2
Event: 5.125 Thread 0x000001b878ca0000 Uncommon trap: reason=predicate action=maybe_recompile pc=0x000001b80fe62864 method=java.nio.charset.CharsetDecoder.decode(Ljava/nio/ByteBuffer;Ljava/nio/CharBuffer;Z)Ljava/nio/charset/CoderResult; @ 54 c2
Event: 5.158 Thread 0x000001b878ca0000 Uncommon trap: reason=unstable_if action=reinterpret pc=0x000001b80fe9772c method=java.util.HashMap.getNode(ILjava/lang/Object;)Ljava/util/HashMap$Node; @ 53 c2

Classes redefined (0 events):
No events

Internal exceptions (9 events):
Event: 0.788 Thread 0x000001b878ca0000 Exception <a 'java/lang/NoSuchMethodError'{0x000000062184c990}: java.lang.invoke.DirectMethodHandle$Holder.invokeSpecialIFC(Ljava/lang/Object;Ljava/lang/Object;I)I> (0x000000062184c990) thrown at [t:/workspace/open/src/hotspot/share/interpreter/linkResolv
Event: 0.856 Thread 0x000001b878ca0000 Exception <a 'java/lang/NoSuchMethodError'{0x000000062193be90}: java.lang.invoke.DirectMethodHandle$Holder.invokeStaticInit(Ljava/lang/Object;IIII)Ljava/lang/Object;> (0x000000062193be90) thrown at [t:/workspace/open/src/hotspot/share/interpreter/linkReso
Event: 2.227 Thread 0x000001b878ca0000 Exception <a 'java/lang/NoSuchMethodError'{0x0000000621710470}: java.lang.invoke.DirectMethodHandle$Holder.invokeStaticInit(Ljava/lang/Object;Ljava/lang/Object;IIII)Ljava/lang/Object;> (0x0000000621710470) thrown at [t:/workspace/open/src/hotspot/share/in
Event: 3.597 Thread 0x000001b878ca0000 Exception <a 'java/lang/NoClassDefFoundError'{0x0000000621109050}: com/google/inject/servlet/ServletModuleTargetVisitor> (0x0000000621109050) thrown at [t:/workspace/open/src/hotspot/share/classfile/systemDictionary.cpp, line 224]
Event: 3.598 Thread 0x000001b878ca0000 Exception <a 'java/lang/NoClassDefFoundError'{0x000000062110bae8}: javax/annotation/Priority> (0x000000062110bae8) thrown at [t:/workspace/open/src/hotspot/share/classfile/systemDictionary.cpp, line 224]
Event: 5.090 Thread 0x000001b878ca0000 Implicit null exception at 0x000001b80fe9d105 to 0x000001b80fe9d2de
Event: 5.090 Thread 0x000001b878ca0000 Implicit null exception at 0x000001b80fe2324f to 0x000001b80fe232cd
Event: 5.091 Thread 0x000001b878ca0000 Implicit null exception at 0x000001b80fedd89a to 0x000001b80fedef5e
Event: 5.091 Thread 0x000001b878ca0000 Implicit null exception at 0x000001b80fe87d88 to 0x000001b80fe87e1a

Events (10 events):
Event: 5.170 loading class org/apache/maven/artifact/resolver/filter/CumulativeScopeArtifactFilter
Event: 5.170 loading class org/apache/maven/artifact/resolver/filter/CumulativeScopeArtifactFilter done
Event: 5.171 loading class org/apache/maven/artifact/resolver/filter/AbstractScopeArtifactFilter
Event: 5.171 loading class org/apache/maven/artifact/resolver/filter/AbstractScopeArtifactFilter done
Event: 5.173 loading class org/apache/maven/plugin/DefaultPluginRealmCache$CacheKey
Event: 5.173 loading class org/apache/maven/plugin/DefaultPluginRealmCache$CacheKey done
Event: 5.174 loading class org/apache/maven/plugin/internal/PlexusUtilsInjector
Event: 5.174 loading class org/apache/maven/plugin/internal/PlexusUtilsInjector done
Event: 5.175 loading class org/apache/maven/plugin/internal/WagonExcluder
Event: 5.175 loading class org/apache/maven/plugin/internal/WagonExcluder done


Dynamic libraries:
0x00007ff78a590000 - 0x00007ff78a59f000 	D:\program\jdk-12.0.1\bin\java.exe
0x00007ffd6cb00000 - 0x00007ffd6ccf0000 	C:\WINDOWS\SYSTEM32\ntdll.dll
0x00007ffd6c200000 - 0x00007ffd6c2b2000 	C:\WINDOWS\System32\KERNEL32.DLL
0x00007ffd6a4b0000 - 0x00007ffd6a753000 	C:\WINDOWS\System32\KERNELBASE.dll
0x00007ffd69ae0000 - 0x00007ffd69bda000 	C:\WINDOWS\System32\ucrtbase.dll
0x00007ffd647b0000 - 0x00007ffd647c8000 	D:\program\jdk-12.0.1\bin\jli.dll
0x00007ffd6bbc0000 - 0x00007ffd6bc63000 	C:\WINDOWS\System32\ADVAPI32.dll
0x00007ffd6bce0000 - 0x00007ffd6bd7e000 	C:\WINDOWS\System32\msvcrt.dll
0x00007ffd6c8e0000 - 0x00007ffd6c977000 	C:\WINDOWS\System32\sechost.dll
0x00007ffd6bde0000 - 0x00007ffd6bf00000 	C:\WINDOWS\System32\RPCRT4.dll
0x00007ffd638f0000 - 0x00007ffd63906000 	D:\program\jdk-12.0.1\bin\VCRUNTIME140.dll
0x00007ffd6bf80000 - 0x00007ffd6c114000 	C:\WINDOWS\System32\USER32.dll
0x00007ffd6a860000 - 0x00007ffd6a881000 	C:\WINDOWS\System32\win32u.dll
0x00007ffd6b800000 - 0x00007ffd6b826000 	C:\WINDOWS\System32\GDI32.dll
0x00007ffd6a970000 - 0x00007ffd6ab04000 	C:\WINDOWS\System32\gdi32full.dll
0x00007ffd6a7c0000 - 0x00007ffd6a85e000 	C:\WINDOWS\System32\msvcp_win.dll
0x00007ffd5dd20000 - 0x00007ffd5dfa5000 	C:\WINDOWS\WinSxS\amd64_microsoft.windows.common-controls_6595b64144ccf1df_6.0.18362.535_none_e6c3b34713100821\COMCTL32.dll
0x00007ffd6c370000 - 0x00007ffd6c6a6000 	C:\WINDOWS\System32\combase.dll
0x00007ffd6ab30000 - 0x00007ffd6abb0000 	C:\WINDOWS\System32\bcryptPrimitives.dll
0x00007ffd63ee0000 - 0x00007ffd63eea000 	C:\WINDOWS\SYSTEM32\VERSION.dll
0x00007ffd6b830000 - 0x00007ffd6b85e000 	C:\WINDOWS\System32\IMM32.DLL
0x00007ffd57a60000 - 0x00007ffd57b0a000 	D:\program\jdk-12.0.1\bin\msvcp140.dll
0x00007ffd09a40000 - 0x00007ffd0a5b4000 	D:\program\jdk-12.0.1\bin\server\jvm.dll
0x00007ffd6b7f0000 - 0x00007ffd6b7f8000 	C:\WINDOWS\System32\PSAPI.DLL
0x00007ffd5cea0000 - 0x00007ffd5cea9000 	C:\WINDOWS\SYSTEM32\WSOCK32.dll
0x00007ffd6bc70000 - 0x00007ffd6bcdf000 	C:\WINDOWS\System32\WS2_32.dll
0x00007ffd600c0000 - 0x00007ffd600e4000 	C:\WINDOWS\SYSTEM32\WINMM.dll
0x00007ffd5fe80000 - 0x00007ffd5fead000 	C:\WINDOWS\SYSTEM32\WINMMBASE.dll
0x00007ffd69a90000 - 0x00007ffd69ada000 	C:\WINDOWS\System32\cfgmgr32.dll
0x00007ffd699e0000 - 0x00007ffd699f1000 	C:\WINDOWS\System32\kernel.appcore.dll
0x00007ffd638d0000 - 0x00007ffd638e1000 	D:\program\jdk-12.0.1\bin\verify.dll
0x00007ffd682e0000 - 0x00007ffd684d4000 	C:\WINDOWS\SYSTEM32\DBGHELP.DLL
0x00007ffd61ac0000 - 0x00007ffd61aea000 	C:\WINDOWS\SYSTEM32\dbgcore.DLL
0x00007ffd61400000 - 0x00007ffd61426000 	D:\program\jdk-12.0.1\bin\java.dll
0x00007ffd64a70000 - 0x00007ffd64a7e000 	D:\program\jdk-12.0.1\bin\instrument.dll
0x00007ffd633e0000 - 0x00007ffd633f7000 	D:\program\jdk-12.0.1\bin\zip.dll
0x00007ffd64990000 - 0x00007ffd6499a000 	D:\program\jdk-12.0.1\bin\jimage.dll
0x00007ffd6b080000 - 0x00007ffd6b765000 	C:\WINDOWS\System32\SHELL32.dll
0x00007ffd6c2c0000 - 0x00007ffd6c369000 	C:\WINDOWS\System32\shcore.dll
0x00007ffd69d30000 - 0x00007ffd6a4af000 	C:\WINDOWS\System32\windows.storage.dll
0x00007ffd69a70000 - 0x00007ffd69a8f000 	C:\WINDOWS\System32\profapi.dll
0x00007ffd69a00000 - 0x00007ffd69a4a000 	C:\WINDOWS\System32\powrprof.dll
0x00007ffd699d0000 - 0x00007ffd699e0000 	C:\WINDOWS\System32\UMPDC.dll
0x00007ffd6b020000 - 0x00007ffd6b072000 	C:\WINDOWS\System32\shlwapi.dll
0x00007ffd6ab10000 - 0x00007ffd6ab27000 	C:\WINDOWS\System32\cryptsp.dll
0x00007ffd613e0000 - 0x00007ffd613f9000 	D:\program\jdk-12.0.1\bin\net.dll
0x00007ffd608b0000 - 0x00007ffd609a0000 	C:\WINDOWS\SYSTEM32\WINHTTP.dll
0x00007ffd5a460000 - 0x00007ffd5a636000 	C:\WINDOWS\SYSTEM32\urlmon.dll
0x00007ffd5af70000 - 0x00007ffd5b216000 	C:\WINDOWS\SYSTEM32\iertutil.dll
0x00007ffd69410000 - 0x00007ffd6941c000 	C:\WINDOWS\SYSTEM32\CRYPTBASE.DLL
0x00007ffd69240000 - 0x00007ffd692a7000 	C:\WINDOWS\system32\mswsock.dll
0x00007ffd60d10000 - 0x00007ffd60d23000 	D:\program\jdk-12.0.1\bin\nio.dll
0x00007ffd5f7d0000 - 0x00007ffd5f7ea000 	D:\Program Files\JetBrains\IntelliJ IDEA 2019.1.3\bin\breakgen64.dll
0x00007ffd68db0000 - 0x00007ffd68de3000 	C:\WINDOWS\system32\rsaenh.dll
0x00007ffd6a940000 - 0x00007ffd6a966000 	C:\WINDOWS\System32\bcrypt.dll
0x00007ffd698f0000 - 0x00007ffd69915000 	C:\WINDOWS\SYSTEM32\USERENV.dll
0x00007ffd68f50000 - 0x00007ffd68f8a000 	C:\WINDOWS\SYSTEM32\IPHLPAPI.DLL
0x00007ffd6b7e0000 - 0x00007ffd6b7e8000 	C:\WINDOWS\System32\NSI.dll
0x00007ffd627d0000 - 0x00007ffd627e6000 	C:\WINDOWS\SYSTEM32\dhcpcsvc6.DLL
0x00007ffd627b0000 - 0x00007ffd627cc000 	C:\WINDOWS\SYSTEM32\dhcpcsvc.DLL
0x00007ffd68f90000 - 0x00007ffd6905a000 	C:\WINDOWS\SYSTEM32\DNSAPI.dll
0x00007ffd648e0000 - 0x00007ffd648ea000 	C:\Users\madokast\AppData\Local\Temp\jansi-1.16-3508910415338472941.dll
0x00007ffd64730000 - 0x00007ffd6473a000 	C:\Users\madokast\AppData\Local\Temp\jansi-1.16-3112430526549393050.dll

dbghelp: loaded successfully - version: 4.0.5 - missing functions: none
symbol engine: initialized successfully - sym options: 0x614 - pdb path: .;D:\program\jdk-12.0.1\bin;C:\WINDOWS\SYSTEM32;C:\WINDOWS\WinSxS\amd64_microsoft.windows.common-controls_6595b64144ccf1df_6.0.18362.535_none_e6c3b34713100821;D:\program\jdk-12.0.1\bin\server;D:\Program Files\JetBrains\IntelliJ IDEA 2019.1.3\bin;C:\Users\madokast\AppData\Local\Temp

VM Arguments:
jvm_args: -Dmaven.multiModuleProjectDirectory=D:\Documents\GitHub\JavaLearning\DataStructuresAndAlgorithms -DarchetypeCatalog=internal -Dfile.encoding=GB2312 -Dmaven.home=D:\program\apache-maven-3.5.2 -Dclassworlds.conf=D:\program\apache-maven-3.5.2\bin\m2.conf -javaagent:D:\Program Files\JetBrains\IntelliJ IDEA 2019.1.3\lib\idea_rt.jar=51858:D:\Program Files\JetBrains\IntelliJ IDEA 2019.1.3\bin 
java_command: org.codehaus.classworlds.Launcher -Didea.version2019.1.4 -s D:\program\apache-maven-3.5.2\conf\settings.xml -Dexec.workingdir=D:\Documents\GitHub\JavaLearning\DataStructuresAndAlgorithms -Dexec.args=-classpath %classpath zrx.com.others.COSY.SR -Dexec.executable=D:\program\jdk-12.0.1\bin\java.exe exec:exec
java_class_path (initial): D:\program\apache-maven-3.5.2\boot\plexus-classworlds-2.5.2.jar
Launcher Type: SUN_STANDARD

[Global flags]
     intx CICompilerCount                          = 3                                         {product} {ergonomic}
     uint ConcGCThreads                            = 1                                         {product} {ergonomic}
     uint G1ConcRefinementThreads                  = 4                                         {product} {ergonomic}
   size_t G1HeapRegionSize                         = 2097152                                   {product} {ergonomic}
    uintx GCDrainStackTargetSize                   = 64                                        {product} {ergonomic}
   size_t InitialHeapSize                          = 534773760                                 {product} {ergonomic}
   size_t MarkStackSize                            = 4194304                                   {product} {ergonomic}
   size_t MaxHeapSize                              = 8556380160                                {product} {ergonomic}
   size_t MaxNewSize                               = 5133828096                                {product} {ergonomic}
   size_t MinHeapDeltaBytes                        = 2097152                                   {product} {ergonomic}
    uintx NonNMethodCodeHeapSize                   = 5830732                                {pd product} {ergonomic}
    uintx NonProfiledCodeHeapSize                  = 122913754                              {pd product} {ergonomic}
    uintx ProfiledCodeHeapSize                     = 122913754                              {pd product} {ergonomic}
    uintx ReservedCodeCacheSize                    = 251658240                              {pd product} {ergonomic}
     bool SegmentedCodeCache                       = true                                      {product} {ergonomic}
     bool UseCompressedClassPointers               = true                                 {lp64_product} {ergonomic}
     bool UseCompressedOops                        = true                                 {lp64_product} {ergonomic}
     bool UseG1GC                                  = true                                      {product} {ergonomic}
     bool UseLargePagesIndividualAllocation        = false                                  {pd product} {ergonomic}

Logging:
Log output configuration:
 #0: stdout all=warning uptime,level,tags
 #1: stderr all=off uptime,level,tags

Environment Variables:
JAVA_HOME=D:\program\jdk1.8.0_221
PATH=D:\Program Files\JetBrains\IntelliJ IDEA 2019.1.3\jre64\\bin;D:\Program Files\JetBrains\IntelliJ IDEA 2019.1.3\jre64\\bin\server;C:\Program Files (x86)\Common Files\Oracle\Java\javapath;D:\program\jdk1.8.0_221\bin;D:\program\apache-maven-3.5.2\bin;C:\WINDOWS\system32;C:\WINDOWS;C:\WINDOWS\System32\Wbem;C:\WINDOWS\System32\WindowsPowerShell\v1.0\;C:\WINDOWS\System32\OpenSSH\;D:\Program Files\Git\cmd;D:\Program Files\MySQL\MySQL Server 5.5\bin;D:\program\CTEX\UserData\miktex\bin;D:\program\CTEX\MiKTeX\miktex\bin;D:\program\CTEX\CTeX\ctex\bin;D:\program\CTEX\CTeX\cct\bin;D:\program\CTEX\CTeX\ty\bin;D:\program\CTEX\Ghostscript\gs9.05\bin;D:\program\CTEX\GSview\gsview;D:\program\CTEX\WinEdt;C:\Users\madokast\AppData\Local\Programs\Python\Python37-32\Scripts\;C:\Users\madokast\AppData\Local\Programs\Python\Python37-32\;C:\Users\madokast\AppData\Local\Microsoft\WindowsApps;C:\Users\madokast\AppData\Local\GitHubDesktop\bin;C:\Users\madokast\AppData\Local\Microsoft\WindowsApps;D:\program\texlive\2019\bin\win32
USERNAME=madokast
OS=Windows_NT
PROCESSOR_IDENTIFIER=Intel64 Family 6 Model 158 Stepping 9, GenuineIntel



---------------  S Y S T E M  ---------------

OS: Windows 10 , 64 bit Build 18362 (10.0.18362.329)

CPU:total 4 (initial active 4) (4 cores per cpu, 1 threads per core) family 6 model 158 stepping 9, cmov, cx8, fxsr, mmx, sse, sse2, sse3, ssse3, sse4.1, sse4.2, popcnt, avx, avx2, aes, clmul, erms, 3dnowpref, lzcnt, tsc, tscinvbit, bmi1, bmi2, adx, fma

Memory: 4k page, system-wide physical 32634M (10861M free)
TotalPageFile size 45953M (AvailPageFile size 2M)
current process WorkingSet (physical memory assigned to process): 139M, peak: 139M
current process commit charge ("private bytes"): 647M, peak: 647M

vm_info: Java HotSpot(TM) 64-Bit Server VM (12.0.1+12) for windows-amd64 JRE (12.0.1+12), built on Apr  2 2019 14:02:19 by "mach5one" with MS VC++ 15.5 (VS2017)

END.
